#
# There is insufficient memory for the Java Runtime Environment to continue.
# Native memory allocation (mmap) failed to map 10485760 bytes for Failed to commit area from 0x00000000a4700000 to 0x00000000a5100000 of length 10485760.
# Possible reasons:
#   The system is out of physical RAM or swap space
#   The process is running with CompressedOops enabled, and the Java Heap may be blocking the growth of the native heap
# Possible solutions:
#   Reduce memory load on the system
#   Increase physical memory or swap space
#   Check if swap backing store is full
#   Decrease Java heap size (-Xmx/-Xms)
#   Decrease number of Java threads
#   Decrease Java thread stack sizes (-Xss)
#   Set larger code cache with -XX:ReservedCodeCacheSize=
#   JVM is running with Unscaled Compressed Oops mode in which the Java heap is
#     placed in the first 4GB address space. The Java Heap base address is the
#     maximum limit for the native heap growth. Please use -XX:HeapBaseMinAddress
#     to set the Java Heap base and to place the Java Heap above 4GB virtual address.
# This output file may be truncated or incomplete.
#
#  Out of Memory Error (./open/src/hotspot/os/windows/os_windows.cpp:3315), pid=3732, tid=1748
#
# JRE version: OpenJDK Runtime Environment (14.0.2+12) (build 14.0.2+12-46)
# Java VM: OpenJDK 64-Bit Server VM (14.0.2+12-46, mixed mode, sharing, tiered, compressed oops, g1 gc, windows-amd64)
# No core dump will be written. Minidumps are not enabled by default on client versions of Windows
#

---------------  S U M M A R Y ------------

Command Line: -XX:TieredStopAtLevel=1 -Xverify:none -Dspring.output.ansi.enabled=always -Dcom.sun.management.jmxremote -Dspring.jmx.enabled=true -Dspring.liveBeansView.mbeanDomain -Dspring.application.admin.enabled=true -javaagent:C:\Program Files\JetBrains\IntelliJ IDEA 2020.1\lib\idea_rt.jar=58180:C:\Program Files\JetBrains\IntelliJ IDEA 2020.1\bin -Dfile.encoding=UTF-8 com.example.demo.DemoApplication

Host: Intel(R) Core(TM) i5-3230M CPU @ 2.60GHz, 4 cores, 5G,  Windows 8.1 , 64 bit Build 9600 (6.3.9600.17031)
Time: Mon Sep  7 18:23:21 2020 Eaeeieia?aaneia a?aiy (ceia) elapsed time: 4 seconds (0d 0h 0m 4s)

---------------  T H R E A D  ---------------

Current thread (0x0000000a77209000):  VMThread "VM Thread" [stack: 0x0000000a77c70000,0x0000000a77d70000] [id=1748]

Stack: [0x0000000a77c70000,0x0000000a77d70000]
[error occurred during error reporting (printing stack bounds), id 0xc0000005, EXCEPTION_ACCESS_VIOLATION (0xc0000005) at pc=0x0000000a000010ad]

Native frames: (J=compiled Java code, j=interpreted, Vv=VM code, C=native code)
V  [jvm.dll+0x5f8a9a]
V  [jvm.dll+0x74247a]
V  [jvm.dll+0x743c2f]
V  [jvm.dll+0x7441d5]
V  [jvm.dll+0x74418b]
V  [jvm.dll+0x5f7f6f]
V  [jvm.dll+0x5f8738]
C  [ntdll.dll+0x9d82d]
C  [ntdll.dll+0x4916b]
C  [ntdll.dll+0x9c9ee]
C  0x0000000a000010ad

VM_Operation (0x0000000a68216780): CollectForMetadataAllocation, mode: safepoint, requested by thread 0x0000000a68a74000


---------------  P R O C E S S  ---------------

Threads class SMR info:
_java_thread_list=0x0000000a7afcaaa0, length=18, elements={
0x0000000a68a74000, 0x0000000a7720d000, 0x0000000a7720e800, 0x0000000a7722a000,
0x0000000a7722d000, 0x0000000a77230000, 0x0000000a77233800, 0x0000000a77235000,
0x0000000a7871c800, 0x0000000a789d3000, 0x0000000a789d4000, 0x0000000a790e1800,
0x0000000a79491800, 0x0000000a794bb800, 0x0000000a7b360800, 0x0000000a7b35c000,
0x0000000a7b4c3800, 0x0000000a7b4c8800
}

Java Threads: ( => current thread )
  0x0000000a68a74000 JavaThread "main" [_thread_blocked, id=6536, stack(0x0000000a68120000,0x0000000a68220000)]
  0x0000000a7720d000 JavaThread "Reference Handler" daemon [_thread_blocked, id=1300, stack(0x0000000a77d70000,0x0000000a77e70000)]
  0x0000000a7720e800 JavaThread "Finalizer" daemon [_thread_blocked, id=6768, stack(0x0000000a77e70000,0x0000000a77f70000)]
  0x0000000a7722a000 JavaThread "Signal Dispatcher" daemon [_thread_blocked, id=616, stack(0x0000000a78170000,0x0000000a78270000)]
  0x0000000a7722d000 JavaThread "Attach Listener" daemon [_thread_blocked, id=2148, stack(0x0000000a78270000,0x0000000a78370000)]
  0x0000000a77230000 JavaThread "Service Thread" daemon [_thread_blocked, id=4512, stack(0x0000000a78370000,0x0000000a78470000)]
  0x0000000a77233800 JavaThread "C1 CompilerThread0" daemon [_thread_blocked, id=6324, stack(0x0000000a78470000,0x0000000a78570000)]
  0x0000000a77235000 JavaThread "Sweeper thread" daemon [_thread_blocked, id=6372, stack(0x0000000a78570000,0x0000000a78670000)]
  0x0000000a7871c800 JavaThread "Common-Cleaner" daemon [_thread_blocked, id=7100, stack(0x0000000a78a70000,0x0000000a78b70000)]
  0x0000000a789d3000 JavaThread "Monitor Ctrl-Break" daemon [_thread_in_native, id=4032, stack(0x0000000a78b70000,0x0000000a78c70000)]
  0x0000000a789d4000 JavaThread "Notification Thread" daemon [_thread_blocked, id=6784, stack(0x0000000a78c70000,0x0000000a78d70000)]
  0x0000000a790e1800 JavaThread "RMI TCP Accept-0" daemon [_thread_in_native, id=6464, stack(0x0000000a79950000,0x0000000a79a50000)]
  0x0000000a79491800 JavaThread "RMI TCP Connection(1)-192.168.56.1" daemon [_thread_in_native, id=180, stack(0x0000000a7a250000,0x0000000a7a350000)]
  0x0000000a794bb800 JavaThread "RMI Scheduler(0)" daemon [_thread_blocked, id=3656, stack(0x0000000a7a350000,0x0000000a7a450000)]
  0x0000000a7b360800 JavaThread "Tomcat-startStop-1" daemon [_thread_blocked, id=5648, stack(0x0000000a7a550000,0x0000000a7a650000)]
  0x0000000a7b35c000 JavaThread "localhost-startStop-1" daemon [_thread_blocked, id=4548, stack(0x0000000a7d520000,0x0000000a7d620000)]
  0x0000000a7b4c3800 JavaThread "ContainerBackgroundProcessor[StandardEngine[Tomcat]]" daemon [_thread_blocked, id=2560, stack(0x0000000a7d820000,0x0000000a7d920000)]
  0x0000000a7b4c8800 JavaThread "container-0" [_thread_blocked, id=6028, stack(0x0000000a7d920000,0x0000000a7da20000)]

Other Threads:
=>0x0000000a77209000 VMThread "VM Thread" [stack: 0x0000000a77c70000,0x0000000a77d70000] [id=1748]
  0x0000000a79115000 WatcherThread [stack: 0x0000000a79a50000,0x0000000a79b50000] [id=4516]
  0x0000000a68aad800 GCTaskThread "GC Thread#0" [stack: 0x0000000a68840000,0x0000000a68940000] [id=3152]
  0x0000000a793ca000 GCTaskThread "GC Thread#1" [stack: 0x0000000a79f50000,0x0000000a7a050000] [id=6824]
  0x0000000a79548800 GCTaskThread "GC Thread#2" [stack: 0x0000000a7a450000,0x0000000a7a550000] [id=3788]
  0x0000000a79560800 GCTaskThread "GC Thread#3" [stack: 0x0000000a7a650000,0x0000000a7a750000] [id=3008]
  0x0000000a68abb000 ConcurrentGCThread "G1 Main Marker" [stack: 0x0000000a74a30000,0x0000000a74b30000] [id=6496]
  0x0000000a68abd800 ConcurrentGCThread "G1 Conc#0" [stack: 0x0000000a74b30000,0x0000000a74c30000] [id=2612]
  0x0000000a77080800 ConcurrentGCThread "G1 Refine#0" [stack: 0x0000000a77270000,0x0000000a77370000] [id=6264]
  0x0000000a788aa800 ConcurrentGCThread "G1 Refine#1" [stack: 0x0000000a7a050000,0x0000000a7a150000] [id=1128]
  0x0000000a793f8000 ConcurrentGCThread "G1 Refine#2" [stack: 0x0000000a7a150000,0x0000000a7a250000] [id=2300]
  0x0000000a77081800 ConcurrentGCThread "G1 Young RemSet Sampling" [stack: 0x0000000a77370000,0x0000000a77470000] [id=6360]

Threads with active compile tasks:

VM state:at safepoint (normal execution)

VM Mutex/Monitor currently owned by a thread:  ([mutex/lock_event])
[0x0000000a68a6e6c0] Threads_lock - owner thread: 0x0000000a77209000
[0x0000000a68a6fe60] Heap_lock - owner thread: 0x0000000a68a74000

Heap address: 0x00000000a1a00000, size: 1510 MB, Compressed Oops mode: 32-bit
Narrow klass base: 0x0000000800000000, Narrow klass shift: 3
Compressed class space size: 1073741824 Address: 0x0000000800b30000

Heap:
 garbage-first heap   total 61440K, used 19433K [0x00000000a1a00000, 0x0000000100000000)
  region size 1024K, 3 young (3072K), 3 survivors (3072K)
 Metaspace       used 26963K, capacity 27810K, committed 27948K, reserved 1089536K
  class space    used 3647K, capacity 3940K, committed 3968K, reserved 1048576K
Heap Regions: E=young(eden), S=young(survivor), O=old, HS=humongous(starts), HC=humongous(continues), CS=collection set, F=free, OA=open archive, CA=closed archive, TAMS=top-at-mark-start (previous, next)
|   0|0x00000000a1a00000, 0x00000000a1b00000, 0x00000000a1b00000|100%| O|  |TAMS 0x00000000a1b00000, 0x00000000a1b00000| Untracked 
|   1|0x00000000a1b00000, 0x00000000a1c00000, 0x00000000a1c00000|100%| O|  |TAMS 0x00000000a1c00000, 0x00000000a1c00000| Untracked 
|   2|0x00000000a1c00000, 0x00000000a1d00000, 0x00000000a1d00000|100%| O|  |TAMS 0x00000000a1d00000, 0x00000000a1d00000| Untracked 
|   3|0x00000000a1d00000, 0x00000000a1e00000, 0x00000000a1e00000|100%| O|  |TAMS 0x00000000a1e00000, 0x00000000a1e00000| Untracked 
|   4|0x00000000a1e00000, 0x00000000a1edc000, 0x00000000a1f00000| 85%| O|  |TAMS 0x00000000a1edc000, 0x00000000a1edc000| Untracked 
|   5|0x00000000a1f00000, 0x00000000a2000000, 0x00000000a2000000|100%| O|  |TAMS 0x00000000a1f00000, 0x00000000a2000000| Untracked 
|   6|0x00000000a2000000, 0x00000000a2100000, 0x00000000a2100000|100%| O|  |TAMS 0x00000000a2000000, 0x00000000a2100000| Untracked 
|   7|0x00000000a2100000, 0x00000000a2200000, 0x00000000a2200000|100%| O|  |TAMS 0x00000000a2100000, 0x00000000a2200000| Untracked 
|   8|0x00000000a2200000, 0x00000000a2300000, 0x00000000a2300000|100%| O|  |TAMS 0x00000000a2200000, 0x00000000a2300000| Untracked 
|   9|0x00000000a2300000, 0x00000000a2400000, 0x00000000a2400000|100%| O|  |TAMS 0x00000000a2300000, 0x00000000a2400000| Untracked 
|  10|0x00000000a2400000, 0x00000000a2500000, 0x00000000a2500000|100%| O|  |TAMS 0x00000000a2400000, 0x00000000a2500000| Untracked 
|  11|0x00000000a2500000, 0x00000000a2600000, 0x00000000a2600000|100%| O|  |TAMS 0x00000000a2500000, 0x00000000a2600000| Untracked 
|  12|0x00000000a2600000, 0x00000000a2700000, 0x00000000a2700000|100%| O|  |TAMS 0x00000000a2600000, 0x00000000a2700000| Untracked 
|  13|0x00000000a2700000, 0x00000000a2800000, 0x00000000a2800000|100%| O|  |TAMS 0x00000000a2700000, 0x00000000a2800000| Untracked 
|  14|0x00000000a2800000, 0x00000000a2900000, 0x00000000a2900000|100%| O|  |TAMS 0x00000000a2800000, 0x00000000a2900000| Untracked 
|  15|0x00000000a2900000, 0x00000000a2a00000, 0x00000000a2a00000|100%| O|  |TAMS 0x00000000a2900000, 0x00000000a2a00000| Untracked 
|  16|0x00000000a2a00000, 0x00000000a2a89400, 0x00000000a2b00000| 53%| O|  |TAMS 0x00000000a2a00000, 0x00000000a2a89400| Untracked 
|  17|0x00000000a2b00000, 0x00000000a2b00000, 0x00000000a2c00000|  0%| F|  |TAMS 0x00000000a2b00000, 0x00000000a2b00000| Untracked 
|  18|0x00000000a2c00000, 0x00000000a2c00000, 0x00000000a2d00000|  0%| F|  |TAMS 0x00000000a2c00000, 0x00000000a2c00000| Untracked 
|  19|0x00000000a2d00000, 0x00000000a2d00000, 0x00000000a2e00000|  0%| F|  |TAMS 0x00000000a2d00000, 0x00000000a2d00000| Untracked 
|  20|0x00000000a2e00000, 0x00000000a2e00000, 0x00000000a2f00000|  0%| F|  |TAMS 0x00000000a2e00000, 0x00000000a2e00000| Untracked 
|  21|0x00000000a2f00000, 0x00000000a2f00000, 0x00000000a3000000|  0%| F|  |TAMS 0x00000000a2f00000, 0x00000000a2f00000| Untracked 
|  22|0x00000000a3000000, 0x00000000a3000000, 0x00000000a3100000|  0%| F|  |TAMS 0x00000000a3000000, 0x00000000a3000000| Untracked 
|  23|0x00000000a3100000, 0x00000000a3100000, 0x00000000a3200000|  0%| F|  |TAMS 0x00000000a3100000, 0x00000000a3100000| Untracked 
|  24|0x00000000a3200000, 0x00000000a3200000, 0x00000000a3300000|  0%| F|  |TAMS 0x00000000a3200000, 0x00000000a3200000| Untracked 
|  25|0x00000000a3300000, 0x00000000a3300000, 0x00000000a3400000|  0%| F|  |TAMS 0x00000000a3300000, 0x00000000a3300000| Untracked 
|  26|0x00000000a3400000, 0x00000000a3400000, 0x00000000a3500000|  0%| F|  |TAMS 0x00000000a3400000, 0x00000000a3400000| Untracked 
|  27|0x00000000a3500000, 0x00000000a3500000, 0x00000000a3600000|  0%| F|  |TAMS 0x00000000a3500000, 0x00000000a3500000| Untracked 
|  28|0x00000000a3600000, 0x00000000a3600000, 0x00000000a3700000|  0%| F|  |TAMS 0x00000000a3600000, 0x00000000a3600000| Untracked 
|  29|0x00000000a3700000, 0x00000000a3700000, 0x00000000a3800000|  0%| F|  |TAMS 0x00000000a3700000, 0x00000000a3700000| Untracked 
|  30|0x00000000a3800000, 0x00000000a3800000, 0x00000000a3900000|  0%| F|  |TAMS 0x00000000a3800000, 0x00000000a3800000| Untracked 
|  31|0x00000000a3900000, 0x00000000a3900000, 0x00000000a3a00000|  0%| F|  |TAMS 0x00000000a3900000, 0x00000000a3900000| Untracked 
|  32|0x00000000a3a00000, 0x00000000a3a00000, 0x00000000a3b00000|  0%| F|  |TAMS 0x00000000a3a00000, 0x00000000a3a00000| Untracked 
|  33|0x00000000a3b00000, 0x00000000a3b00000, 0x00000000a3c00000|  0%| F|  |TAMS 0x00000000a3b00000, 0x00000000a3b00000| Untracked 
|  34|0x00000000a3c00000, 0x00000000a3c950d0, 0x00000000a3d00000| 58%| S|CS|TAMS 0x00000000a3c00000, 0x00000000a3c00000| Complete 
|  35|0x00000000a3d00000, 0x00000000a3e00000, 0x00000000a3e00000|100%| S|CS|TAMS 0x00000000a3d00000, 0x00000000a3d00000| Complete 
|  36|0x00000000a3e00000, 0x00000000a3f00000, 0x00000000a3f00000|100%| S|CS|TAMS 0x00000000a3e00000, 0x00000000a3e00000| Complete 
|  37|0x00000000a3f00000, 0x00000000a3f00000, 0x00000000a4000000|  0%| F|  |TAMS 0x00000000a3f00000, 0x00000000a3f00000| Untracked 
|  38|0x00000000a4000000, 0x00000000a4000000, 0x00000000a4100000|  0%| F|  |TAMS 0x00000000a4000000, 0x00000000a4000000| Untracked 
|  39|0x00000000a4100000, 0x00000000a4100000, 0x00000000a4200000|  0%| F|  |TAMS 0x00000000a4100000, 0x00000000a4100000| Untracked 
|  40|0x00000000a4200000, 0x00000000a4200000, 0x00000000a4300000|  0%| F|  |TAMS 0x00000000a4200000, 0x00000000a4200000| Untracked 
|  41|0x00000000a4300000, 0x00000000a4300000, 0x00000000a4400000|  0%| F|  |TAMS 0x00000000a4300000, 0x00000000a4300000| Untracked 
|  42|0x00000000a4400000, 0x00000000a4400000, 0x00000000a4500000|  0%| F|  |TAMS 0x00000000a4400000, 0x00000000a4400000| Untracked 
|  43|0x00000000a4500000, 0x00000000a4500000, 0x00000000a4600000|  0%| F|  |TAMS 0x00000000a4500000, 0x00000000a4500000| Untracked 
|  44|0x00000000a4600000, 0x00000000a4600000, 0x00000000a4700000|  0%| F|  |TAMS 0x00000000a4600000, 0x00000000a4600000| Untracked 
|  68|0x00000000a5e00000, 0x00000000a5e00000, 0x00000000a5f00000|  0%| F|  |TAMS 0x00000000a5e00000, 0x00000000a5e00000| Untracked 
|  69|0x00000000a5f00000, 0x00000000a5f00000, 0x00000000a6000000|  0%| F|  |TAMS 0x00000000a5f00000, 0x00000000a5f00000| Untracked 
|  72|0x00000000a6200000, 0x00000000a6200000, 0x00000000a6300000|  0%| F|  |TAMS 0x00000000a6200000, 0x00000000a6200000| Untracked 
|  94|0x00000000a7800000, 0x00000000a7800000, 0x00000000a7900000|  0%| F|  |TAMS 0x00000000a7800000, 0x00000000a7800000| Untracked 
|  95|0x00000000a7900000, 0x00000000a7900000, 0x00000000a7a00000|  0%| F|  |TAMS 0x00000000a7900000, 0x00000000a7900000| Untracked 

Card table byte_map: [0x0000000a714f0000,0x0000000a717f0000] _byte_map_base: 0x0000000a70fe3000

Marking Bits (Prev, Next): (CMBitMap*) 0x0000000a68aae268, (CMBitMap*) 0x0000000a68aae228
 Prev Bits: [0x0000000a73290000, 0x0000000a74a28000)
 Next Bits: [0x0000000a71af0000, 0x0000000a73288000)

Polling page: 0x0000000a66880000

Metaspace:

Usage:
  Non-class:     23.31 MB capacity,    22.77 MB ( 98%) used,   464.63 KB (  2%) free+waste,    89.00 KB ( <1%) overhead. 
      Class:      3.85 MB capacity,     3.56 MB ( 93%) used,   247.46 KB (  6%) free+waste,    45.25 KB (  1%) overhead. 
       Both:     27.16 MB capacity,    26.33 MB ( 97%) used,   712.09 KB (  3%) free+waste,   134.25 KB ( <1%) overhead. 

Virtual space:
  Non-class space:       40.00 MB reserved,      23.42 MB ( 59%) committed 
      Class space:        1.00 GB reserved,       3.88 MB ( <1%) committed 
             Both:        1.04 GB reserved,      27.29 MB (  3%) committed 

Chunk freelists:
   Non-Class:  2.00 KB
       Class:  28.00 KB
        Both:  30.00 KB

MaxMetaspaceSize: 17179869184.00 GB
CompressedClassSpaceSize: 1.00 GB

CodeHeap 'non-profiled nmethods': size=238912Kb used=6469Kb max_used=6469Kb free=232442Kb
 bounds [0x0000000a006b0000, 0x0000000a00d10000, 0x0000000a0f000000]
CodeHeap 'non-nmethods': size=6848Kb used=1234Kb max_used=1234Kb free=5614Kb
 bounds [0x0000000a00000000, 0x0000000a00270000, 0x0000000a006b0000]
 total_blobs=4340 nmethods=3832 adapters=435
 compilation: enabled
              stopped_count=0, restarted_count=0
 full_count=0

Compilation events (20 events):
Event: 4.450 Thread 0x0000000a77233800 3825       1       sun.security.util.ObjectIdentifier::pack (219 bytes)
Event: 4.451 Thread 0x0000000a77233800 nmethod 3825 0x0000000a00cfe910 code [0x0000000a00cfeac0, 0x0000000a00cfee48]
Event: 4.451 Thread 0x0000000a77233800 3824       1       sun.security.util.ObjectIdentifier::pack7Oid (84 bytes)
Event: 4.451 Thread 0x0000000a77233800 nmethod 3824 0x0000000a00cff090 code [0x0000000a00cff240, 0x0000000a00cff458]
Event: 4.451 Thread 0x0000000a77233800 3828       1       java.security.Provider$ServiceKey::hashCode (22 bytes)
Event: 4.452 Thread 0x0000000a77233800 nmethod 3828 0x0000000a00cff590 code [0x0000000a00cff740, 0x0000000a00cffaa8]
Event: 4.452 Thread 0x0000000a77233800 3823       1       sun.security.util.ObjectIdentifier::pack7Oid (42 bytes)
Event: 4.452 Thread 0x0000000a77233800 nmethod 3823 0x0000000a00cffb90 code [0x0000000a00cffd20, 0x0000000a00cffea8]
Event: 4.452 Thread 0x0000000a77233800 3826       1       java.math.BigInteger::signum (5 bytes)
Event: 4.452 Thread 0x0000000a77233800 nmethod 3826 0x0000000a00cfff90 code [0x0000000a00d00120, 0x0000000a00d001f8]
Event: 4.452 Thread 0x0000000a77233800 3829       1       java.security.Provider$Service::getType (5 bytes)
Event: 4.452 Thread 0x0000000a77233800 nmethod 3829 0x0000000a00d00290 code [0x0000000a00d00420, 0x0000000a00d004f8]
Event: 4.452 Thread 0x0000000a77233800 3830       1       java.security.Provider$Service::getAlgorithm (5 bytes)
Event: 4.452 Thread 0x0000000a77233800 nmethod 3830 0x0000000a00d00590 code [0x0000000a00d00720, 0x0000000a00d007f8]
Event: 4.452 Thread 0x0000000a77233800 3831       1       java.security.Provider$Service::getAliases (5 bytes)
Event: 4.452 Thread 0x0000000a77233800 nmethod 3831 0x0000000a00d00890 code [0x0000000a00d00a20, 0x0000000a00d00af8]
Event: 4.452 Thread 0x0000000a77233800 3827       1       java.io.ByteArrayOutputStream::ensureCapacity (32 bytes)
Event: 4.453 Thread 0x0000000a77233800 nmethod 3827 0x0000000a00d00b90 code [0x0000000a00d00d40, 0x0000000a00d010f8]
Event: 4.453 Thread 0x0000000a77233800 3832       1       java.security.Provider$Service::getProvider (5 bytes)
Event: 4.453 Thread 0x0000000a77233800 nmethod 3832 0x0000000a00d01290 code [0x0000000a00d01420, 0x0000000a00d014f8]

GC Heap History (19 events):
Event: 1.058 GC heap before
{Heap before GC invocations=0 (full 0):
 garbage-first heap   total 98304K, used 12288K [0x00000000a1a00000, 0x0000000100000000)
  region size 1024K, 13 young (13312K), 0 survivors (0K)
 Metaspace       used 5697K, capacity 6041K, committed 6272K, reserved 1056768K
  class space    used 733K, capacity 832K, committed 896K, reserved 1048576K
}
Event: 1.069 GC heap after
{Heap after GC invocations=1 (full 0):
 garbage-first heap   total 98304K, used 4732K [0x00000000a1a00000, 0x0000000100000000)
  region size 1024K, 2 young (2048K), 2 survivors (2048K)
 Metaspace       used 5697K, capacity 6041K, committed 6272K, reserved 1056768K
  class space    used 733K, capacity 832K, committed 896K, reserved 1048576K
}
Event: 1.283 GC heap before
{Heap before GC invocations=1 (full 0):
 garbage-first heap   total 98304K, used 13948K [0x00000000a1a00000, 0x0000000100000000)
  region size 1024K, 11 young (11264K), 2 survivors (2048K)
 Metaspace       used 7750K, capacity 8191K, committed 8320K, reserved 1056768K
  class space    used 1026K, capacity 1149K, committed 1152K, reserved 1048576K
}
Event: 1.290 GC heap after
{Heap after GC invocations=2 (full 0):
 garbage-first heap   total 98304K, used 5830K [0x00000000a1a00000, 0x0000000100000000)
  region size 1024K, 1 young (1024K), 1 survivors (1024K)
 Metaspace       used 7750K, capacity 8191K, committed 8320K, reserved 1056768K
  class space    used 1026K, capacity 1149K, committed 1152K, reserved 1048576K
}
Event: 1.589 GC heap before
{Heap before GC invocations=2 (full 0):
 garbage-first heap   total 98304K, used 29382K [0x00000000a1a00000, 0x0000000100000000)
  region size 1024K, 24 young (24576K), 1 survivors (1024K)
 Metaspace       used 11457K, capacity 11927K, committed 12160K, reserved 1058816K
  class space    used 1634K, capacity 1804K, committed 1920K, reserved 1048576K
}
Event: 1.593 GC heap after
{Heap after GC invocations=3 (full 0):
 garbage-first heap   total 98304K, used 6954K [0x00000000a1a00000, 0x0000000100000000)
  region size 1024K, 2 young (2048K), 2 survivors (2048K)
 Metaspace       used 11457K, capacity 11927K, committed 12160K, reserved 1058816K
  class space    used 1634K, capacity 1804K, committed 1920K, reserved 1048576K
}
Event: 1.899 GC heap before
{Heap before GC invocations=3 (full 0):
 garbage-first heap   total 98304K, used 28458K [0x00000000a1a00000, 0x0000000100000000)
  region size 1024K, 25 young (25600K), 2 survivors (2048K)
 Metaspace       used 15860K, capacity 16440K, committed 16512K, reserved 1081344K
  class space    used 2184K, capacity 2396K, committed 2432K, reserved 1048576K
}
Event: 1.905 GC heap after
{Heap after GC invocations=4 (full 0):
 garbage-first heap   total 98304K, used 7752K [0x00000000a1a00000, 0x0000000100000000)
  region size 1024K, 3 young (3072K), 3 survivors (3072K)
 Metaspace       used 15860K, capacity 16440K, committed 16512K, reserved 1081344K
  class space    used 2184K, capacity 2396K, committed 2432K, reserved 1048576K
}
Event: 2.452 GC heap before
{Heap before GC invocations=5 (full 0):
 garbage-first heap   total 34816K, used 34376K [0x00000000a1a00000, 0x0000000100000000)
  region size 1024K, 29 young (29696K), 3 survivors (3072K)
 Metaspace       used 18949K, capacity 19563K, committed 19712K, reserved 1083392K
  class space    used 2575K, capacity 2796K, committed 2816K, reserved 1048576K
}
Event: 2.464 GC heap after
{Heap after GC invocations=6 (full 0):
 garbage-first heap   total 41984K, used 11608K [0x00000000a1a00000, 0x0000000100000000)
  region size 1024K, 7 young (7168K), 7 survivors (7168K)
 Metaspace       used 18949K, capacity 19563K, committed 19712K, reserved 1083392K
  class space    used 2575K, capacity 2796K, committed 2816K, reserved 1048576K
}
Event: 2.818 GC heap before
{Heap before GC invocations=6 (full 0):
 garbage-first heap   total 41984K, used 27992K [0x00000000a1a00000, 0x0000000100000000)
  region size 1024K, 23 young (23552K), 7 survivors (7168K)
 Metaspace       used 20261K, capacity 20877K, committed 20992K, reserved 1083392K
  class space    used 2773K, capacity 3015K, committed 3072K, reserved 1048576K
}
Event: 2.830 GC heap after
{Heap after GC invocations=7 (full 0):
 garbage-first heap   total 51200K, used 14049K [0x00000000a1a00000, 0x0000000100000000)
  region size 1024K, 3 young (3072K), 3 survivors (3072K)
 Metaspace       used 20261K, capacity 20877K, committed 20992K, reserved 1083392K
  class space    used 2773K, capacity 3015K, committed 3072K, reserved 1048576K
}
Event: 3.475 GC heap before
{Heap before GC invocations=7 (full 0):
 garbage-first heap   total 51200K, used 34529K [0x00000000a1a00000, 0x0000000100000000)
  region size 1024K, 23 young (23552K), 3 survivors (3072K)
 Metaspace       used 21978K, capacity 22717K, committed 22784K, reserved 1085440K
  class space    used 3014K, capacity 3305K, committed 3328K, reserved 1048576K
}
Event: 3.483 GC heap after
{Heap after GC invocations=8 (full 0):
 garbage-first heap   total 51200K, used 15100K [0x00000000a1a00000, 0x0000000100000000)
  region size 1024K, 2 young (2048K), 2 survivors (2048K)
 Metaspace       used 21978K, capacity 22717K, committed 22784K, reserved 1085440K
  class space    used 3014K, capacity 3305K, committed 3328K, reserved 1048576K
}
Event: 3.793 GC heap before
{Heap before GC invocations=8 (full 0):
 garbage-first heap   total 51200K, used 36604K [0x00000000a1a00000, 0x0000000100000000)
  region size 1024K, 23 young (23552K), 2 survivors (2048K)
 Metaspace       used 24357K, capacity 25158K, committed 25472K, reserved 1087488K
  class space    used 3304K, capacity 3608K, committed 3712K, reserved 1048576K
}
Event: 3.801 GC heap after
{Heap after GC invocations=9 (full 0):
 garbage-first heap   total 51200K, used 16889K [0x00000000a1a00000, 0x0000000100000000)
  region size 1024K, 3 young (3072K), 3 survivors (3072K)
 Metaspace       used 24357K, capacity 25158K, committed 25472K, reserved 1087488K
  class space    used 3304K, capacity 3608K, committed 3712K, reserved 1048576K
}
Event: 4.155 GC heap before
{Heap before GC invocations=9 (full 0):
 garbage-first heap   total 51200K, used 37369K [0x00000000a1a00000, 0x0000000100000000)
  region size 1024K, 23 young (23552K), 3 survivors (3072K)
 Metaspace       used 25852K, capacity 26783K, committed 26880K, reserved 1089536K
  class space    used 3473K, capacity 3811K, committed 3840K, reserved 1048576K
}
Event: 4.169 GC heap after
{Heap after GC invocations=10 (full 0):
 garbage-first heap   total 51200K, used 18324K [0x00000000a1a00000, 0x0000000100000000)
  region size 1024K, 2 young (2048K), 2 survivors (2048K)
 Metaspace       used 25852K, capacity 26783K, committed 26880K, reserved 1089536K
  class space    used 3473K, capacity 3811K, committed 3840K, reserved 1048576K
}
Event: 4.455 GC heap before
{Heap before GC invocations=10 (full 0):
 garbage-first heap   total 51200K, used 29588K [0x00000000a1a00000, 0x0000000100000000)
  region size 1024K, 15 young (15360K), 2 survivors (2048K)
 Metaspace       used 26963K, capacity 27810K, committed 27948K, reserved 1089536K
  class space    used 3647K, capacity 3940K, committed 3968K, reserved 1048576K
}

Deoptimization events (0 events):
No events

Classes unloaded (0 events):
No events

Classes redefined (0 events):
No events

Internal exceptions (20 events):
Event: 4.362 Thread 0x0000000a68a74000 Exception <a 'java/lang/ClassNotFoundException'{0x00000000a4307f48}: org/springframework/context/annotation/ConfigurationClassEnhancer$EnhancedConfigurationCustomizer> (0x00000000a4307f48) 
thrown [./open/src/hotspot/share/classfile/systemDictionary.cpp, line 226]
Event: 4.362 Thread 0x0000000a68a74000 Exception <a 'java/lang/ClassNotFoundException'{0x00000000a43128b0}: org/springframework/web/servlet/config/annotation/WebMvcConfigurerCustomizer> (0x00000000a43128b0) 
thrown [./open/src/hotspot/share/classfile/systemDictionary.cpp, line 226]
Event: 4.369 Thread 0x0000000a68a74000 Exception <a 'java/lang/ClassNotFoundException'{0x00000000a43656f0}: java/lang/ObjectCustomizer> (0x00000000a43656f0) 
thrown [./open/src/hotspot/share/classfile/systemDictionary.cpp, line 226]
Event: 4.369 Thread 0x0000000a68a74000 Exception <a 'java/lang/ClassNotFoundException'{0x00000000a4370d08}: com/example/controller/HelloControllerCustomizer> (0x00000000a4370d08) 
thrown [./open/src/hotspot/share/classfile/systemDictionary.cpp, line 226]
Event: 4.371 Thread 0x0000000a68a74000 NullPointerException at vtable entry 0x0000000a000ff54f
Event: 4.371 Thread 0x0000000a68a74000 Exception <a 'java/lang/NullPointerException'{0x00000000a4385468}> (0x00000000a4385468) 
thrown [./open/src/hotspot/share/runtime/sharedRuntime.cpp, line 584]
Event: 4.375 Thread 0x0000000a68a74000 Exception <a 'java/lang/ClassNotFoundException'{0x00000000a439b990}: java/lang/ObjectCustomizer> (0x00000000a439b990) 
thrown [./open/src/hotspot/share/classfile/systemDictionary.cpp, line 226]
Event: 4.376 Thread 0x0000000a68a74000 Exception <a 'java/lang/ClassNotFoundException'{0x00000000a43a6aa8}: com/example/service/TrackServiceCustomizer> (0x00000000a43a6aa8) 
thrown [./open/src/hotspot/share/classfile/systemDictionary.cpp, line 226]
Event: 4.376 Thread 0x0000000a68a74000 NullPointerException at vtable entry 0x0000000a000ff54f
Event: 4.377 Thread 0x0000000a68a74000 Exception <a 'java/lang/NullPointerException'{0x00000000a43adbd0}> (0x00000000a43adbd0) 
thrown [./open/src/hotspot/share/runtime/sharedRuntime.cpp, line 584]
Event: 4.380 Thread 0x0000000a68a74000 Exception <a 'java/lang/ClassNotFoundException'{0x00000000a43c9e30}: java/lang/ObjectCustomizer> (0x00000000a43c9e30) 
thrown [./open/src/hotspot/share/classfile/systemDictionary.cpp, line 226]
Event: 4.381 Thread 0x0000000a68a74000 Exception <a 'java/lang/ClassNotFoundException'{0x00000000a43d7530}: org/springframework/boot/autoconfigure/mongo/MongoPropertiesCustomizer> (0x00000000a43d7530) 
thrown [./open/src/hotspot/share/classfile/systemDictionary.cpp, line 226]
Event: 4.392 Thread 0x0000000a68a74000 Exception <a 'java/lang/ClassNotFoundException'{0x00000000a42244b8}: java/lang/ObjectCustomizer> (0x00000000a42244b8) 
thrown [./open/src/hotspot/share/classfile/systemDictionary.cpp, line 226]
Event: 4.393 Thread 0x0000000a68a74000 Exception <a 'java/lang/ClassNotFoundException'{0x00000000a4232c68}: org/springframework/boot/autoconfigure/data/mongo/MongoDataAutoConfigurationCustomizer> (0x00000000a4232c68) 
thrown [./open/src/hotspot/share/classfile/systemDictionary.cpp, line 226]
Event: 4.394 Thread 0x0000000a68a74000 Exception <a 'java/lang/ClassNotFoundException'{0x00000000a4252cb0}: org/springframework/boot/autoconfigure/data/mongo/MongoDataAutoConfiguration$$EnhancerBySpringCGLIB$$861e6d10Customizer> (0x00000000a4252cb0) 
thrown [./open/src/hotspot/share/classfile/systemDictionary.cpp, line 226]
Event: 4.395 Thread 0x0000000a68a74000 Exception <a 'java/lang/ClassNotFoundException'{0x00000000a426a7c0}: org/springframework/context/annotation/ConfigurationClassEnhancer$EnhancedConfigurationCustomizer> (0x00000000a426a7c0) 
thrown [./open/src/hotspot/share/classfile/systemDictionary.cpp, line 226]
Event: 4.403 Thread 0x0000000a68a74000 Exception <a 'java/lang/ClassNotFoundException'{0x00000000a42af7a8}: java/lang/ObjectCustomizer> (0x00000000a42af7a8) 
thrown [./open/src/hotspot/share/classfile/systemDictionary.cpp, line 226]
Event: 4.404 Thread 0x0000000a68a74000 Exception <a 'java/lang/ClassNotFoundException'{0x00000000a42bdde0}: org/springframework/boot/autoconfigure/mongo/MongoAutoConfigurationCustomizer> (0x00000000a42bdde0) 
thrown [./open/src/hotspot/share/classfile/systemDictionary.cpp, line 226]
Event: 4.404 Thread 0x0000000a68a74000 Exception <a 'java/lang/ClassNotFoundException'{0x00000000a42ce7a0}: org/springframework/boot/autoconfigure/mongo/MongoAutoConfiguration$$EnhancerBySpringCGLIB$$575fea2eCustomizer> (0x00000000a42ce7a0) 
thrown [./open/src/hotspot/share/classfile/systemDictionary.cpp, line 226]
Event: 4.405 Thread 0x0000000a68a74000 Exception <a 'java/lang/ClassNotFoundException'{0x00000000a42e03e8}: org/springframework/context/annotation/ConfigurationClassEnhancer$EnhancedConfigurationCustomizer> (0x00000000a42e03e8) 
thrown [./open/src/hotspot/share/classfile/systemDictionary.cpp, line 226]

Events (20 events):
Event: 4.454 loading class sun/security/util/AbstractAlgorithmConstraints done
Event: 4.454 loading class sun/security/util/DisabledAlgorithmConstraints done
Event: 4.454 loading class sun/security/ssl/SSLAlgorithmDecomposer
Event: 4.454 loading class sun/security/util/AlgorithmDecomposer
Event: 4.454 loading class sun/security/util/AlgorithmDecomposer done
Event: 4.454 loading class sun/security/ssl/SSLAlgorithmDecomposer done
Event: 4.454 loading class java/util/regex/Pattern$LookBehindEndNode
Event: 4.454 loading class java/util/regex/Pattern$LookBehindEndNode done
Event: 4.454 loading class java/util/regex/Pattern$NotBehind
Event: 4.455 loading class java/util/regex/Pattern$NotBehind done
Event: 4.455 loading class sun/security/util/AbstractAlgorithmConstraints$1
Event: 4.455 loading class sun/security/util/AbstractAlgorithmConstraints$1 done
Event: 4.455 loading class sun/security/util/DisabledAlgorithmConstraints$Constraints
Event: 4.455 loading class sun/security/util/DisabledAlgorithmConstraints$Constraints done
Event: 4.455 loading class sun/security/util/DisabledAlgorithmConstraints$DisabledConstraint
Event: 4.455 loading class sun/security/util/DisabledAlgorithmConstraints$Constraint
Event: 4.455 loading class sun/security/util/DisabledAlgorithmConstraints$Constraint done
Event: 4.455 loading class sun/security/util/DisabledAlgorithmConstraints$DisabledConstraint done
Event: 4.455 loading class sun/security/util/DisabledAlgorithmConstraints$KeySizeConstraint
Event: 4.455 Executing VM operation: CollectForMetadataAllocation


Dynamic libraries:
0x00007ff7c3690000 - 0x00007ff7c369d000 	C:\Users\Сергей\.jdks\openjdk-14.0.2\bin\java.exe
0x00007ffba3630000 - 0x00007ffba37da000 	C:\Windows\SYSTEM32\ntdll.dll
0x00007ffba34f0000 - 0x00007ffba362a000 	C:\Windows\system32\KERNEL32.DLL
0x00007ffba0a70000 - 0x00007ffba0b80000 	C:\Windows\system32\KERNELBASE.dll
0x00007ffb99e90000 - 0x00007ffb99ea8000 	C:\Users\Сергей\.jdks\openjdk-14.0.2\bin\jli.dll
0x00007ffb96900000 - 0x00007ffb96915000 	C:\Users\Сергей\.jdks\openjdk-14.0.2\bin\VCRUNTIME140.dll
0x00007ffb9c460000 - 0x00007ffb9c464000 	C:\Users\Сергей\.jdks\openjdk-14.0.2\bin\api-ms-win-crt-stdio-l1-1-0.dll
0x00007ffb9a2d0000 - 0x00007ffb9a2d4000 	C:\Users\Сергей\.jdks\openjdk-14.0.2\bin\api-ms-win-crt-runtime-l1-1-0.dll
0x00007ffb99700000 - 0x00007ffb99703000 	C:\Users\Сергей\.jdks\openjdk-14.0.2\bin\api-ms-win-crt-environment-l1-1-0.dll
0x00007ffb97a70000 - 0x00007ffb97a75000 	C:\Users\Сергей\.jdks\openjdk-14.0.2\bin\api-ms-win-crt-math-l1-1-0.dll
0x00007ffb96c90000 - 0x00007ffb96c93000 	C:\Users\Сергей\.jdks\openjdk-14.0.2\bin\api-ms-win-crt-locale-l1-1-0.dll
0x00007ffb968f0000 - 0x00007ffb968f3000 	C:\Users\Сергей\.jdks\openjdk-14.0.2\bin\api-ms-win-crt-heap-l1-1-0.dll
0x00007ffb9d620000 - 0x00007ffb9d87a000 	C:\Windows\WinSxS\amd64_microsoft.windows.common-controls_6595b64144ccf1df_6.0.9600.17031_none_6242a4b3ecbb55a1\COMCTL32.dll
0x00007ffba2990000 - 0x00007ffba2b01000 	C:\Windows\system32\USER32.dll
0x00007ffb968e0000 - 0x00007ffb968e3000 	C:\Users\Сергей\.jdks\openjdk-14.0.2\bin\api-ms-win-crt-filesystem-l1-1-0.dll
0x00007ffb968d0000 - 0x00007ffb968d4000 	C:\Users\Сергей\.jdks\openjdk-14.0.2\bin\api-ms-win-crt-string-l1-1-0.dll
0x00007ffb968c0000 - 0x00007ffb968c4000 	C:\Users\Сергей\.jdks\openjdk-14.0.2\bin\api-ms-win-crt-convert-l1-1-0.dll
0x00007ffba30c0000 - 0x00007ffba3167000 	C:\Windows\system32\msvcrt.dll
0x00007ffba23f0000 - 0x00007ffba2535000 	C:\Windows\system32\GDI32.dll
0x00007ffb7f9e0000 - 0x00007ffb7fadc000 	C:\Users\Сергей\.jdks\openjdk-14.0.2\bin\ucrtbase.DLL
0x00007ffba2c20000 - 0x00007ffba2c54000 	C:\Windows\system32\IMM32.DLL
0x00007ffba25a0000 - 0x00007ffba26d9000 	C:\Windows\system32\MSCTF.dll
0x00007ffb7f940000 - 0x00007ffb7f9db000 	C:\Users\Сергей\.jdks\openjdk-14.0.2\bin\msvcp140.dll
0x00007ffb968b0000 - 0x00007ffb968b3000 	C:\Users\Сергей\.jdks\openjdk-14.0.2\bin\api-ms-win-crt-time-l1-1-0.dll
0x00007ffb968a0000 - 0x00007ffb968a3000 	C:\Users\Сергей\.jdks\openjdk-14.0.2\bin\api-ms-win-crt-utility-l1-1-0.dll
0x00007ffb71ed0000 - 0x00007ffb729ee000 	C:\Users\Сергей\.jdks\openjdk-14.0.2\bin\server\jvm.dll
0x00007ffba2d10000 - 0x00007ffba2db5000 	C:\Windows\system32\ADVAPI32.dll
0x00007ffb9bcf0000 - 0x00007ffb9bcf9000 	C:\Windows\SYSTEM32\WSOCK32.dll
0x00007ffb9ba70000 - 0x00007ffb9ba8f000 	C:\Windows\SYSTEM32\WINMM.dll
0x00007ffb9ebd0000 - 0x00007ffb9ebda000 	C:\Windows\SYSTEM32\VERSION.dll
0x00007ffba26e0000 - 0x00007ffba26e7000 	C:\Windows\system32\PSAPI.DLL
0x00007ffba2390000 - 0x00007ffba23e7000 	C:\Windows\SYSTEM32\sechost.dll
0x00007ffba2f80000 - 0x00007ffba30b6000 	C:\Windows\system32\RPCRT4.dll
0x00007ffba2bc0000 - 0x00007ffba2c18000 	C:\Windows\system32\WS2_32.dll
0x00007ffb9b8c0000 - 0x00007ffb9b8ea000 	C:\Windows\SYSTEM32\WINMMBASE.dll
0x00007ffba2bb0000 - 0x00007ffba2bb9000 	C:\Windows\system32\NSI.dll
0x00007ffba0e60000 - 0x00007ffba0eaa000 	C:\Windows\SYSTEM32\cfgmgr32.dll
0x00007ffb9f820000 - 0x00007ffb9f846000 	C:\Windows\SYSTEM32\DEVOBJ.dll
0x00007ffb96780000 - 0x00007ffb9678a000 	C:\Users\Сергей\.jdks\openjdk-14.0.2\bin\jimage.dll
0x00007ffb8fc10000 - 0x00007ffb8fd98000 	C:\Windows\SYSTEM32\DBGHELP.DLL
0x00007ffb96770000 - 0x00007ffb9677e000 	C:\Users\Сергей\.jdks\openjdk-14.0.2\bin\instrument.dll
0x00007ffb96680000 - 0x00007ffb966a5000 	C:\Users\Сергей\.jdks\openjdk-14.0.2\bin\java.dll
0x00007ffb96660000 - 0x00007ffb96676000 	C:\Users\Сергей\.jdks\openjdk-14.0.2\bin\zip.dll
0x00007ffba0eb0000 - 0x00007ffba22c7000 	C:\Windows\system32\SHELL32.dll
0x00007ffba3190000 - 0x00007ffba3366000 	C:\Windows\SYSTEM32\combase.dll
0x00007ffba22d0000 - 0x00007ffba2321000 	C:\Windows\system32\SHLWAPI.dll
0x00007ffb9dbf0000 - 0x00007ffb9dc8f000 	C:\Windows\SYSTEM32\SHCORE.dll
0x00007ffba09a0000 - 0x00007ffba09b4000 	C:\Windows\SYSTEM32\profapi.dll
0x00007ffb96630000 - 0x00007ffb96649000 	C:\Users\Сергей\.jdks\openjdk-14.0.2\bin\net.dll
0x00007ffb98030000 - 0x00007ffb980f5000 	C:\Windows\SYSTEM32\WINHTTP.dll
0x00007ffba0200000 - 0x00007ffba0258000 	C:\Windows\system32\mswsock.dll
0x00007ffb96610000 - 0x00007ffb96622000 	C:\Users\Сергей\.jdks\openjdk-14.0.2\bin\nio.dll
0x00007ffb906b0000 - 0x00007ffb906ca000 	C:\Program Files\JetBrains\IntelliJ IDEA 2020.1\bin\breakgen64.dll
0x00007ffba0010000 - 0x00007ffba00b3000 	C:\Windows\SYSTEM32\DNSAPI.dll
0x00007ffb96fc0000 - 0x00007ffb96fc9000 	C:\Windows\System32\rasadhlp.dll
0x00007ffb9b300000 - 0x00007ffb9b367000 	C:\Windows\System32\fwpuclnt.dll
0x00007ffb961d0000 - 0x00007ffb961d9000 	C:\Users\Сергей\.jdks\openjdk-14.0.2\bin\management.dll
0x00007ffb95630000 - 0x00007ffb9563b000 	C:\Users\Сергей\.jdks\openjdk-14.0.2\bin\management_ext.dll
0x00007ffba0260000 - 0x00007ffba027e000 	C:\Windows\SYSTEM32\CRYPTSP.dll
0x00007ffb9fea0000 - 0x00007ffb9fed5000 	C:\Windows\system32\rsaenh.dll
0x00007ffba04f0000 - 0x00007ffba0516000 	C:\Windows\SYSTEM32\bcrypt.dll
0x00007ffb9ffb0000 - 0x00007ffb9ffcf000 	C:\Windows\SYSTEM32\USERENV.dll
0x00007ffba0810000 - 0x00007ffba0870000 	C:\Windows\system32\bcryptprimitives.dll
0x00007ffba0870000 - 0x00007ffba087a000 	C:\Windows\SYSTEM32\CRYPTBASE.dll
0x00007ffb9b6e0000 - 0x00007ffb9b709000 	C:\Windows\SYSTEM32\IPHLPAPI.DLL
0x00007ffb9b540000 - 0x00007ffb9b54a000 	C:\Windows\SYSTEM32\WINNSI.DLL
0x00007ffb9b550000 - 0x00007ffb9b564000 	C:\Windows\SYSTEM32\dhcpcsvc6.DLL
0x00007ffb9b570000 - 0x00007ffb9b589000 	C:\Windows\SYSTEM32\dhcpcsvc.DLL
0x00007ffb96ca0000 - 0x00007ffb96cb4000 	C:\Windows\system32\napinsp.dll
0x00007ffb96cc0000 - 0x00007ffb96cd9000 	C:\Windows\system32\pnrpnsp.dll
0x00007ffb9eb70000 - 0x00007ffb9eb89000 	C:\Windows\system32\NLAapi.dll
0x00007ffb96ce0000 - 0x00007ffb96cec000 	C:\Windows\System32\winrnr.dll
0x00007ffb8ddc0000 - 0x00007ffb8dde5000 	C:\Users\Сергей\.jdks\openjdk-14.0.2\bin\sunec.dll

dbghelp: loaded successfully - version: 4.0.5 - missing functions: none
symbol engine: initialized successfully - sym options: 0x614 - pdb path: .;C:\Users\Сергей\.jdks\openjdk-14.0.2\bin;C:\Windows\SYSTEM32;C:\Windows\WinSxS\amd64_microsoft.windows.common-controls_6595b64144ccf1df_6.0.9600.17031_none_6242a4b3ecbb55a1;C:\Users\Сергей\.jdks\openjdk-14.0.2\bin\server;C:\Program Files\JetBrains\IntelliJ IDEA 2020.1\bin

VM Arguments:
jvm_args: -XX:TieredStopAtLevel=1 -Xverify:none -Dspring.output.ansi.enabled=always -Dcom.sun.management.jmxremote -Dspring.jmx.enabled=true -Dspring.liveBeansView.mbeanDomain -Dspring.application.admin.enabled=true -javaagent:C:\Program Files\JetBrains\IntelliJ IDEA 2020.1\lib\idea_rt.jar=58180:C:\Program Files\JetBrains\IntelliJ IDEA 2020.1\bin -Dfile.encoding=UTF-8 
java_command: com.example.demo.DemoApplication
java_class_path (initial): C:\Users\Сергей\Desktop\проект\demo\target\classes;C:\Users\Сергей\.m2\repository\org\springframework\boot\spring-boot-starter-web\2.0.0.RELEASE\spring-boot-starter-web-2.0.0.RELEASE.jar;C:\Users\Сергей\.m2\repository\org\springframework\boot\spring-boot-starter\2.0.0.RELEASE\spring-boot-starter-2.0.0.RELEASE.jar;C:\Users\Сергей\.m2\repository\org\springframework\boot\spring-boot\2.0.0.RELEASE\spring-boot-2.0.0.RELEASE.jar;C:\Users\Сергей\.m2\repository\org\springframework\boot\spring-boot-autoconfigure\2.0.0.RELEASE\spring-boot-autoconfigure-2.0.0.RELEASE.jar;C:\Users\Сергей\.m2\repository\org\springframework\boot\spring-boot-starter-logging\2.0.0.RELEASE\spring-boot-starter-logging-2.0.0.RELEASE.jar;C:\Users\Сергей\.m2\repository\ch\qos\logback\logback-classic\1.2.3\logback-classic-1.2.3.jar;C:\Users\Сергей\.m2\repository\ch\qos\logback\logback-core\1.2.3\logback-core-1.2.3.jar;C:\Users\Сергей\.m2\repository\org\apache\logging\log4j\log4j-to-slf4j\2.10.0\log4j-to-slf4j-2.10.0.jar;C:\Users\Сергей\.m2\repository\org\apache\logging\log4j\log4j-api\2.10.0\log4j-api-2.10.0.jar;C:\Users\Сергей\.m2\repository\org\slf4j\jul-to-slf4j\1.7.25\jul-to-slf4j-1.7.25.jar;C:\Users\Сергей\.m2\repository\javax\annotation\javax.annotation-api\1.3.2\javax.annotation-api-1.3.2.jar;C:\Users\Сергей\.m2\repository\org\yaml\snakeyaml\1.19\snakeyaml-1.19.jar;C:\Users\Сергей\.m2\repository\org\springframework\boot\spring-boot-starter-json\2.0.0.RELEASE\spring-boot-starter-json-2.0.0.RELEASE.jar;C:\Users\Сергей\.m2\repository\com\fasterxml\jackson\core\jackson-databind\2.9.4\jackson-databind-2.9.4.jar;C:\Users\Сергей\.m2\repository\com\fasterxml\jackson\core\jackson-annotations\2.9.0\jackson-annotations-2.9.0.jar;C:\Users\Сергей\.m2\repository\com\fasterxml\jackson\core\jackson-core\2.9.4\jackson-core-2.9.4.jar;C:\Users\Сергей\.m2\repository\com\fasterxml\jackson\datatype\jackson-datatype-jdk8\2.9.4\jackson-datatype-jdk8-2.9.4.jar;C:\Users\Сергей\.m2\repository\co
Launcher Type: SUN_STANDARD

[Global flags]
     intx CICompilerCount                          = 3                                         {product} {ergonomic}
     uint ConcGCThreads                            = 1                                         {product} {ergonomic}
     uint G1ConcRefinementThreads                  = 4                                         {product} {ergonomic}
   size_t G1HeapRegionSize                         = 1048576                                   {product} {ergonomic}
    uintx GCDrainStackTargetSize                   = 64                                        {product} {ergonomic}
   size_t InitialHeapSize                          = 100663296                                 {product} {ergonomic}
     bool ManagementServer                         = true                                      {product} {command line}
   size_t MarkStackSize                            = 4194304                                   {product} {ergonomic}
   size_t MaxHeapSize                              = 1583349760                                {product} {ergonomic}
   size_t MaxNewSize                               = 950009856                                 {product} {ergonomic}
   size_t MinHeapDeltaBytes                        = 1048576                                   {product} {ergonomic}
   size_t MinHeapSize                              = 8388608                                   {product} {ergonomic}
    uintx NonNMethodCodeHeapSize                   = 6973028                                {pd product} {ergonomic}
    uintx NonProfiledCodeHeapSize                  = 244685212                              {pd product} {ergonomic}
    uintx ProfiledCodeHeapSize                     = 0                                      {pd product} {ergonomic}
    uintx ReservedCodeCacheSize                    = 251658240                              {pd product} {ergonomic}
     bool SegmentedCodeCache                       = true                                      {product} {ergonomic}
   size_t SoftMaxHeapSize                          = 1583349760                             {manageable} {ergonomic}
     intx TieredStopAtLevel                        = 1                                         {product} {command line}
     bool UseCompressedClassPointers               = true                                 {lp64_product} {ergonomic}
     bool UseCompressedOops                        = true                                 {lp64_product} {ergonomic}
     bool UseG1GC                                  = true                                      {product} {ergonomic}
     bool UseLargePagesIndividualAllocation        = false                                  {pd product} {ergonomic}

Logging:
Log output configuration:
 #0: stdout all=warning uptime,level,tags
 #1: stderr all=off uptime,level,tags

Environment Variables:
PATH=C:\Program Files (x86)\NVIDIA Corporation\PhysX\Common;c:\Program Files (x86)\AMD APP\bin\x86_64;c:\Program Files (x86)\AMD APP\bin\x86;C:\Windows\system32;C:\Windows;C:\Windows\System32\Wbem;C:\Windows\System32\WindowsPowerShell\v1.0\;c:\Program Files (x86)\ATI Technologies\ATI.ACE\Core-Static;C:\Program Files (x86)\Common Files\Acronis\SnapAPI\;C:\Program Files\Git\cmd
USERNAME=Сергей
OS=Windows_NT
PROCESSOR_IDENTIFIER=Intel64 Family 6 Model 58 Stepping 9, GenuineIntel



---------------  S Y S T E M  ---------------

OS: Windows 8.1 , 64 bit Build 9600 (6.3.9600.17031)
OS uptime: 1 days 23:35 hours

CPU:total 4 (initial active 4) (2 cores per cpu, 2 threads per core) family 6 model 58 stepping 9, cmov, cx8, fxsr, mmx, sse, sse2, sse3, ssse3, sse4.1, sse4.2, popcnt, avx, aes, clmul, erms, ht, tsc, tscinvbit, tscinv

Memory: 4k page, system-wide physical 6036M (468M free)
TotalPageFile size 10105M (AvailPageFile size 7M)
current process WorkingSet (physical memory assigned to process): 138M, peak: 138M
current process commit charge ("private bytes"): 170M, peak: 194M

vm_info: OpenJDK 64-Bit Server VM (14.0.2+12-46) for windows-amd64 JRE (14.0.2+12-46), built on Jul  9 2020 00:31:16 by "mach5one" with MS VC++ 15.9 (VS2017)

END.
