#
# There is insufficient memory for the Java Runtime Environment to continue.
# Native memory allocation (mmap) failed to map 65011712 bytes for Failed to commit area from 0x00000000b5a00000 to 0x00000000b9800000 of length 65011712.
# Possible reasons:
#   The system is out of physical RAM or swap space
#   The process is running with CompressedOops enabled, and the Java Heap may be blocking the growth of the native heap
# Possible solutions:
#   Reduce memory load on the system
#   Increase physical memory or swap space
#   Check if swap backing store is full
#   Decrease Java heap size (-Xmx/-Xms)
#   Decrease number of Java threads
#   Decrease Java thread stack sizes (-Xss)
#   Set larger code cache with -XX:ReservedCodeCacheSize=
#   JVM is running with Unscaled Compressed Oops mode in which the Java heap is
#     placed in the first 4GB address space. The Java Heap base address is the
#     maximum limit for the native heap growth. Please use -XX:HeapBaseMinAddress
#     to set the Java Heap base and to place the Java Heap above 4GB virtual address.
# This output file may be truncated or incomplete.
#
#  Out of Memory Error (./open/src/hotspot/os/windows/os_windows.cpp:3315), pid=1928, tid=392
#
# JRE version: OpenJDK Runtime Environment (14.0.2+12) (build 14.0.2+12-46)
# Java VM: OpenJDK 64-Bit Server VM (14.0.2+12-46, mixed mode, sharing, tiered, compressed oops, g1 gc, windows-amd64)
# No core dump will be written. Minidumps are not enabled by default on client versions of Windows
#

---------------  S U M M A R Y ------------

Command Line: -XX:TieredStopAtLevel=1 -Xverify:none -Dspring.output.ansi.enabled=always -Dcom.sun.management.jmxremote -Dspring.jmx.enabled=true -Dspring.liveBeansView.mbeanDomain -Dspring.application.admin.enabled=true -javaagent:C:\Program Files\JetBrains\IntelliJ IDEA 2020.1\lib\idea_rt.jar=58383:C:\Program Files\JetBrains\IntelliJ IDEA 2020.1\bin -Dfile.encoding=UTF-8 com.example.demo.DemoApplication

Host: Intel(R) Core(TM) i5-3230M CPU @ 2.60GHz, 4 cores, 5G,  Windows 8.1 , 64 bit Build 9600 (6.3.9600.17031)
Time: Mon Sep  7 18:29:50 2020 Eaeeieia?aaneia a?aiy (ceia) elapsed time: 101 seconds (0d 0h 1m 41s)

---------------  T H R E A D  ---------------

Current thread (0x000000f0467a5000):  VMThread "VM Thread" [stack: 0x000000f047210000,0x000000f047310000] [id=392]

Stack: [0x000000f047210000,0x000000f047310000]
[error occurred during error reporting (printing stack bounds), id 0xc0000005, EXCEPTION_ACCESS_VIOLATION (0xc0000005) at pc=0x000000f0317810ad]

Native frames: (J=compiled Java code, j=interpreted, Vv=VM code, C=native code)
V  [jvm.dll+0x5f8a9a]
V  [jvm.dll+0x74247a]
V  [jvm.dll+0x743c2f]
V  [jvm.dll+0x7441d5]
V  [jvm.dll+0x74418b]
V  [jvm.dll+0x5f7f6f]
V  [jvm.dll+0x5f8738]
C  [ntdll.dll+0x9d82d]
C  [ntdll.dll+0x4916b]
C  [ntdll.dll+0x9c9ee]
C  0x000000f0317810ad

VM_Operation (0x000000f0440bf6c0): G1Concurrent, mode: safepoint, requested by thread 0x000000f02904b000


---------------  P R O C E S S  ---------------

Threads class SMR info:
_java_thread_list=0x000000f047ca2be0, length=32, elements={
0x000000f0467a9800, 0x000000f0467ab800, 0x000000f0467c7800, 0x000000f0467cb000,
0x000000f0467ce000, 0x000000f0467d1000, 0x000000f0467d3000, 0x000000f04678d000,
0x000000f047f6f000, 0x000000f047f6f800, 0x000000f050d28000, 0x000000f050e78800,
0x000000f053164800, 0x000000f0531e0800, 0x000000f0532ff800, 0x000000f053300000,
0x000000f053301000, 0x000000f053304000, 0x000000f053301800, 0x000000f053303800,
0x000000f053305000, 0x000000f053302800, 0x000000f053306000, 0x000000f052b35000,
0x000000f052b36000, 0x000000f052b33800, 0x000000f052b36800, 0x000000f052b34000,
0x000000f052b3a000, 0x000000f052b39000, 0x000000f052b37800, 0x000000f052b3a800
}

Java Threads: ( => current thread )
  0x000000f0467a9800 JavaThread "Reference Handler" daemon [_thread_blocked, id=944, stack(0x000000f047310000,0x000000f047410000)]
  0x000000f0467ab800 JavaThread "Finalizer" daemon [_thread_blocked, id=2880, stack(0x000000f047410000,0x000000f047510000)]
  0x000000f0467c7800 JavaThread "Signal Dispatcher" daemon [_thread_blocked, id=5992, stack(0x000000f047710000,0x000000f047810000)]
  0x000000f0467cb000 JavaThread "Attach Listener" daemon [_thread_blocked, id=6680, stack(0x000000f047810000,0x000000f047910000)]
  0x000000f0467ce000 JavaThread "Service Thread" daemon [_thread_blocked, id=4620, stack(0x000000f047910000,0x000000f047a10000)]
  0x000000f0467d1000 JavaThread "C1 CompilerThread0" daemon [_thread_blocked, id=6104, stack(0x000000f047a10000,0x000000f047b10000)]
  0x000000f0467d3000 JavaThread "Sweeper thread" daemon [_thread_blocked, id=6112, stack(0x000000f047b10000,0x000000f047c10000)]
  0x000000f04678d000 JavaThread "Common-Cleaner" daemon [_thread_blocked, id=1832, stack(0x000000f048010000,0x000000f048110000)]
  0x000000f047f6f000 JavaThread "Monitor Ctrl-Break" daemon [_thread_in_native, id=5784, stack(0x000000f048110000,0x000000f048210000)]
  0x000000f047f6f800 JavaThread "Notification Thread" daemon [_thread_blocked, id=4700, stack(0x000000f048210000,0x000000f048310000)]
  0x000000f050d28000 JavaThread "RMI TCP Accept-0" daemon [_thread_in_native, id=4924, stack(0x000000f0515c0000,0x000000f0516c0000)]
  0x000000f050e78800 JavaThread "RMI Scheduler(0)" daemon [_thread_blocked, id=6848, stack(0x000000f051ec0000,0x000000f051fc0000)]
  0x000000f053164800 JavaThread "ContainerBackgroundProcessor[StandardEngine[Tomcat]]" daemon [_thread_blocked, id=7156, stack(0x000000f054390000,0x000000f054490000)]
  0x000000f0531e0800 JavaThread "container-0" [_thread_blocked, id=1160, stack(0x000000f054490000,0x000000f054590000)]
  0x000000f0532ff800 JavaThread "cluster-ClusterId{value='5f56518f8c58a30788e0c0d4', description='null'}-localhost:27017" daemon [_thread_blocked, id=5956, stack(0x000000f054890000,0x000000f054990000)]
  0x000000f053300000 JavaThread "CleanCursors-1-thread-1" daemon [_thread_blocked, id=5596, stack(0x000000f054990000,0x000000f054a90000)]
  0x000000f053301000 JavaThread "NioBlockingSelector.BlockPoller-1" daemon [_thread_in_native, id=3404, stack(0x000000f054e90000,0x000000f054f90000)]
  0x000000f053304000 JavaThread "http-nio-8090-exec-1" daemon [_thread_blocked, id=6564, stack(0x000000f054f90000,0x000000f055090000)]
  0x000000f053301800 JavaThread "http-nio-8090-exec-2" daemon [_thread_blocked, id=6240, stack(0x000000f055090000,0x000000f055190000)]
  0x000000f053303800 JavaThread "http-nio-8090-exec-3" daemon [_thread_blocked, id=6764, stack(0x000000f055190000,0x000000f055290000)]
  0x000000f053305000 JavaThread "http-nio-8090-exec-4" daemon [_thread_blocked, id=5584, stack(0x000000f055290000,0x000000f055390000)]
  0x000000f053302800 JavaThread "http-nio-8090-exec-5" daemon [_thread_blocked, id=6272, stack(0x000000f055390000,0x000000f055490000)]
  0x000000f053306000 JavaThread "http-nio-8090-exec-6" daemon [_thread_blocked, id=3792, stack(0x000000f055490000,0x000000f055590000)]
  0x000000f052b35000 JavaThread "http-nio-8090-exec-7" daemon [_thread_blocked, id=5820, stack(0x000000f055590000,0x000000f055690000)]
  0x000000f052b36000 JavaThread "http-nio-8090-exec-8" daemon [_thread_blocked, id=4984, stack(0x000000f055690000,0x000000f055790000)]
  0x000000f052b33800 JavaThread "http-nio-8090-exec-9" daemon [_thread_blocked, id=5324, stack(0x000000f055790000,0x000000f055890000)]
  0x000000f052b36800 JavaThread "http-nio-8090-exec-10" daemon [_thread_blocked, id=5780, stack(0x000000f055890000,0x000000f055990000)]
  0x000000f052b34000 JavaThread "http-nio-8090-ClientPoller-0" daemon [_thread_in_native, id=4376, stack(0x000000f055990000,0x000000f055a90000)]
  0x000000f052b3a000 JavaThread "http-nio-8090-ClientPoller-1" daemon [_thread_in_native, id=6420, stack(0x000000f055a90000,0x000000f055b90000)]
  0x000000f052b39000 JavaThread "http-nio-8090-Acceptor-0" daemon [_thread_in_native, id=4436, stack(0x000000f055b90000,0x000000f055c90000)]
  0x000000f052b37800 JavaThread "http-nio-8090-AsyncTimeout" daemon [_thread_blocked, id=3776, stack(0x000000f055c90000,0x000000f055d90000)]
  0x000000f052b3a800 JavaThread "DestroyJavaVM" [_thread_blocked, id=4548, stack(0x000000f0286b0000,0x000000f0287b0000)]

Other Threads:
=>0x000000f0467a5000 VMThread "VM Thread" [stack: 0x000000f047210000,0x000000f047310000] [id=392]
  0x000000f050d3a800 WatcherThread [stack: 0x000000f0516c0000,0x000000f0517c0000] [id=3624]
  0x000000f02903d800 GCTaskThread "GC Thread#0" [stack: 0x000000f028e10000,0x000000f028f10000] [id=1108]
  0x000000f050e46000 GCTaskThread "GC Thread#1" [stack: 0x000000f051bc0000,0x000000f051cc0000] [id=6300]
  0x000000f051102000 GCTaskThread "GC Thread#2" [stack: 0x000000f0520c0000,0x000000f0521c0000] [id=5984]
  0x000000f051111000 GCTaskThread "GC Thread#3" [stack: 0x000000f0521c0000,0x000000f0522c0000] [id=4092]
  0x000000f02904b000 ConcurrentGCThread "G1 Main Marker" [stack: 0x000000f043fc0000,0x000000f0440c0000] [id=6900]
  0x000000f02904e000 ConcurrentGCThread "G1 Conc#0" [stack: 0x000000f0440c0000,0x000000f0441c0000] [id=6656]
  0x000000f0290ad800 ConcurrentGCThread "G1 Refine#0" [stack: 0x000000f046810000,0x000000f046910000] [id=5028]
  0x000000f047e44000 ConcurrentGCThread "G1 Refine#1" [stack: 0x000000f051dc0000,0x000000f051ec0000] [id=6716]
  0x000000f046621000 ConcurrentGCThread "G1 Young RemSet Sampling" [stack: 0x000000f046910000,0x000000f046a10000] [id=4768]

Threads with active compile tasks:

VM state:at safepoint (normal execution)

VM Mutex/Monitor currently owned by a thread:  ([mutex/lock_event])
[0x000000f028fff830] Threads_lock - owner thread: 0x000000f0467a5000
[0x000000f028ffebd0] Heap_lock - owner thread: 0x000000f02904b000

Heap address: 0x00000000a1a00000, size: 1510 MB, Compressed Oops mode: 32-bit
Narrow klass base: 0x0000000800000000, Narrow klass shift: 3
Compressed class space size: 1073741824 Address: 0x0000000800b30000

Heap:
 garbage-first heap   total 393216K, used 232267K [0x00000000a1a00000, 0x0000000100000000)
  region size 1024K, 2 young (2048K), 1 survivors (1024K)
 Metaspace       used 43224K, capacity 44449K, committed 44672K, reserved 1087488K
  class space    used 5490K, capacity 5901K, committed 6016K, reserved 1048576K
Heap Regions: E=young(eden), S=young(survivor), O=old, HS=humongous(starts), HC=humongous(continues), CS=collection set, F=free, OA=open archive, CA=closed archive, TAMS=top-at-mark-start (previous, next)
|   0|0x00000000a1a00000, 0x00000000a1b00000, 0x00000000a1b00000|100%| O|  |TAMS 0x00000000a1b00000, 0x00000000a1a00000| Updating 
|   1|0x00000000a1b00000, 0x00000000a1c00000, 0x00000000a1c00000|100%| O|  |TAMS 0x00000000a1c00000, 0x00000000a1b00000| Updating 
|   2|0x00000000a1c00000, 0x00000000a1d00000, 0x00000000a1d00000|100%| O|  |TAMS 0x00000000a1d00000, 0x00000000a1c00000| Updating 
|   3|0x00000000a1d00000, 0x00000000a1e00000, 0x00000000a1e00000|100%| O|  |TAMS 0x00000000a1e00000, 0x00000000a1d00000| Updating 
|   4|0x00000000a1e00000, 0x00000000a1f00000, 0x00000000a1f00000|100%| O|  |TAMS 0x00000000a1f00000, 0x00000000a1e00000| Updating 
|   5|0x00000000a1f00000, 0x00000000a2000000, 0x00000000a2000000|100%| O|  |TAMS 0x00000000a2000000, 0x00000000a1f00000| Updating 
|   6|0x00000000a2000000, 0x00000000a2100000, 0x00000000a2100000|100%| O|  |TAMS 0x00000000a2100000, 0x00000000a2000000| Updating 
|   7|0x00000000a2100000, 0x00000000a2200000, 0x00000000a2200000|100%| O|  |TAMS 0x00000000a2200000, 0x00000000a2100000| Updating 
|   8|0x00000000a2200000, 0x00000000a2300000, 0x00000000a2300000|100%| O|  |TAMS 0x00000000a2300000, 0x00000000a2200000| Updating 
|   9|0x00000000a2300000, 0x00000000a2400000, 0x00000000a2400000|100%| O|  |TAMS 0x00000000a2400000, 0x00000000a2300000| Updating 
|  10|0x00000000a2400000, 0x00000000a2500000, 0x00000000a2500000|100%| O|  |TAMS 0x00000000a2500000, 0x00000000a2400000| Updating 
|  11|0x00000000a2500000, 0x00000000a2600000, 0x00000000a2600000|100%| O|  |TAMS 0x00000000a2600000, 0x00000000a2500000| Updating 
|  12|0x00000000a2600000, 0x00000000a2612a00, 0x00000000a2700000|  7%| O|  |TAMS 0x00000000a2612a00, 0x00000000a2600000| Updating 
|  13|0x00000000a2700000, 0x00000000a2800000, 0x00000000a2800000|100%| O|  |TAMS 0x00000000a2800000, 0x00000000a2700000| Updating 
|  14|0x00000000a2800000, 0x00000000a2900000, 0x00000000a2900000|100%| O|  |TAMS 0x00000000a2900000, 0x00000000a2800000| Updating 
|  15|0x00000000a2900000, 0x00000000a2a00000, 0x00000000a2a00000|100%| O|  |TAMS 0x00000000a2a00000, 0x00000000a2900000| Updating 
|  16|0x00000000a2a00000, 0x00000000a2b00000, 0x00000000a2b00000|100%| O|  |TAMS 0x00000000a2b00000, 0x00000000a2a00000| Updating 
|  17|0x00000000a2b00000, 0x00000000a2c00000, 0x00000000a2c00000|100%| O|  |TAMS 0x00000000a2c00000, 0x00000000a2b00000| Updating 
|  18|0x00000000a2c00000, 0x00000000a2d00000, 0x00000000a2d00000|100%| O|  |TAMS 0x00000000a2d00000, 0x00000000a2c00000| Updating 
|  19|0x00000000a2d00000, 0x00000000a2e00000, 0x00000000a2e00000|100%| O|  |TAMS 0x00000000a2e00000, 0x00000000a2d00000| Updating 
|  20|0x00000000a2e00000, 0x00000000a2f00000, 0x00000000a2f00000|100%| O|  |TAMS 0x00000000a2f00000, 0x00000000a2e00000| Updating 
|  21|0x00000000a2f00000, 0x00000000a3000000, 0x00000000a3000000|100%| O|  |TAMS 0x00000000a3000000, 0x00000000a2f00000| Updating 
|  22|0x00000000a3000000, 0x00000000a3100000, 0x00000000a3100000|100%| O|  |TAMS 0x00000000a3100000, 0x00000000a3000000| Updating 
|  23|0x00000000a3100000, 0x00000000a3200000, 0x00000000a3200000|100%| O|  |TAMS 0x00000000a3200000, 0x00000000a3100000| Updating 
|  24|0x00000000a3200000, 0x00000000a3300000, 0x00000000a3300000|100%| O|  |TAMS 0x00000000a3300000, 0x00000000a3200000| Updating 
|  25|0x00000000a3300000, 0x00000000a3400000, 0x00000000a3400000|100%|HS|  |TAMS 0x00000000a3400000, 0x00000000a3300000| Complete 
|  26|0x00000000a3400000, 0x00000000a3500000, 0x00000000a3500000|100%|HC|  |TAMS 0x00000000a3500000, 0x00000000a3400000| Complete 
|  27|0x00000000a3500000, 0x00000000a3600000, 0x00000000a3600000|100%|HC|  |TAMS 0x00000000a3600000, 0x00000000a3500000| Complete 
|  28|0x00000000a3600000, 0x00000000a3700000, 0x00000000a3700000|100%|HC|  |TAMS 0x00000000a3700000, 0x00000000a3600000| Complete 
|  29|0x00000000a3700000, 0x00000000a3800000, 0x00000000a3800000|100%|HC|  |TAMS 0x00000000a3800000, 0x00000000a3700000| Complete 
|  30|0x00000000a3800000, 0x00000000a3900000, 0x00000000a3900000|100%|HC|  |TAMS 0x00000000a3900000, 0x00000000a3800000| Complete 
|  31|0x00000000a3900000, 0x00000000a3a00000, 0x00000000a3a00000|100%|HC|  |TAMS 0x00000000a3a00000, 0x00000000a3900000| Complete 
|  32|0x00000000a3a00000, 0x00000000a3b00000, 0x00000000a3b00000|100%|HC|  |TAMS 0x00000000a3b00000, 0x00000000a3a00000| Complete 
|  33|0x00000000a3b00000, 0x00000000a3c00000, 0x00000000a3c00000|100%|HC|  |TAMS 0x00000000a3c00000, 0x00000000a3b00000| Complete 
|  34|0x00000000a3c00000, 0x00000000a3c00000, 0x00000000a3d00000|  0%| F|  |TAMS 0x00000000a3c00000, 0x00000000a3c00000| Untracked 
|  35|0x00000000a3d00000, 0x00000000a3d00000, 0x00000000a3e00000|  0%| F|  |TAMS 0x00000000a3d00000, 0x00000000a3d00000| Untracked 
|  36|0x00000000a3e00000, 0x00000000a3e00000, 0x00000000a3f00000|  0%| F|  |TAMS 0x00000000a3e00000, 0x00000000a3e00000| Untracked 
|  37|0x00000000a3f00000, 0x00000000a3f00000, 0x00000000a4000000|  0%| F|  |TAMS 0x00000000a3f00000, 0x00000000a3f00000| Untracked 
|  38|0x00000000a4000000, 0x00000000a4000000, 0x00000000a4100000|  0%| F|  |TAMS 0x00000000a4000000, 0x00000000a4000000| Untracked 
|  39|0x00000000a4100000, 0x00000000a4100000, 0x00000000a4200000|  0%| F|  |TAMS 0x00000000a4100000, 0x00000000a4100000| Untracked 
|  40|0x00000000a4200000, 0x00000000a4200000, 0x00000000a4300000|  0%| F|  |TAMS 0x00000000a4200000, 0x00000000a4200000| Untracked 
|  41|0x00000000a4300000, 0x00000000a4300000, 0x00000000a4400000|  0%| F|  |TAMS 0x00000000a4300000, 0x00000000a4300000| Untracked 
|  42|0x00000000a4400000, 0x00000000a4500000, 0x00000000a4500000|100%|HS|  |TAMS 0x00000000a4500000, 0x00000000a4400000| Complete 
|  43|0x00000000a4500000, 0x00000000a4600000, 0x00000000a4600000|100%|HC|  |TAMS 0x00000000a4600000, 0x00000000a4500000| Complete 
|  44|0x00000000a4600000, 0x00000000a4700000, 0x00000000a4700000|100%|HC|  |TAMS 0x00000000a4700000, 0x00000000a4600000| Complete 
|  45|0x00000000a4700000, 0x00000000a4800000, 0x00000000a4800000|100%|HC|  |TAMS 0x00000000a4800000, 0x00000000a4700000| Complete 
|  46|0x00000000a4800000, 0x00000000a4900000, 0x00000000a4900000|100%|HC|  |TAMS 0x00000000a4900000, 0x00000000a4800000| Complete 
|  47|0x00000000a4900000, 0x00000000a4a00000, 0x00000000a4a00000|100%|HC|  |TAMS 0x00000000a4a00000, 0x00000000a4900000| Complete 
|  48|0x00000000a4a00000, 0x00000000a4b00000, 0x00000000a4b00000|100%|HC|  |TAMS 0x00000000a4b00000, 0x00000000a4a00000| Complete 
|  49|0x00000000a4b00000, 0x00000000a4c00000, 0x00000000a4c00000|100%|HC|  |TAMS 0x00000000a4c00000, 0x00000000a4b00000| Complete 
|  50|0x00000000a4c00000, 0x00000000a4d00000, 0x00000000a4d00000|100%|HC|  |TAMS 0x00000000a4d00000, 0x00000000a4c00000| Complete 
|  51|0x00000000a4d00000, 0x00000000a4e00000, 0x00000000a4e00000|100%|HC|  |TAMS 0x00000000a4e00000, 0x00000000a4d00000| Complete 
|  52|0x00000000a4e00000, 0x00000000a4f00000, 0x00000000a4f00000|100%|HC|  |TAMS 0x00000000a4f00000, 0x00000000a4e00000| Complete 
|  53|0x00000000a4f00000, 0x00000000a5000000, 0x00000000a5000000|100%|HC|  |TAMS 0x00000000a5000000, 0x00000000a4f00000| Complete 
|  54|0x00000000a5000000, 0x00000000a5100000, 0x00000000a5100000|100%|HC|  |TAMS 0x00000000a5100000, 0x00000000a5000000| Complete 
|  55|0x00000000a5100000, 0x00000000a5200000, 0x00000000a5200000|100%|HC|  |TAMS 0x00000000a5200000, 0x00000000a5100000| Complete 
|  56|0x00000000a5200000, 0x00000000a5300000, 0x00000000a5300000|100%|HC|  |TAMS 0x00000000a5300000, 0x00000000a5200000| Complete 
|  57|0x00000000a5300000, 0x00000000a5400000, 0x00000000a5400000|100%|HC|  |TAMS 0x00000000a5400000, 0x00000000a5300000| Complete 
|  58|0x00000000a5400000, 0x00000000a5500000, 0x00000000a5500000|100%|HC|  |TAMS 0x00000000a5500000, 0x00000000a5400000| Complete 
|  59|0x00000000a5500000, 0x00000000a5600000, 0x00000000a5600000|100%|HS|  |TAMS 0x00000000a5600000, 0x00000000a5500000| Complete 
|  60|0x00000000a5600000, 0x00000000a5700000, 0x00000000a5700000|100%|HC|  |TAMS 0x00000000a5700000, 0x00000000a5600000| Complete 
|  61|0x00000000a5700000, 0x00000000a5800000, 0x00000000a5800000|100%|HC|  |TAMS 0x00000000a5800000, 0x00000000a5700000| Complete 
|  62|0x00000000a5800000, 0x00000000a5900000, 0x00000000a5900000|100%|HC|  |TAMS 0x00000000a5900000, 0x00000000a5800000| Complete 
|  63|0x00000000a5900000, 0x00000000a5a00000, 0x00000000a5a00000|100%|HC|  |TAMS 0x00000000a5a00000, 0x00000000a5900000| Complete 
|  64|0x00000000a5a00000, 0x00000000a5b00000, 0x00000000a5b00000|100%|HC|  |TAMS 0x00000000a5b00000, 0x00000000a5a00000| Complete 
|  65|0x00000000a5b00000, 0x00000000a5c00000, 0x00000000a5c00000|100%|HC|  |TAMS 0x00000000a5c00000, 0x00000000a5b00000| Complete 
|  66|0x00000000a5c00000, 0x00000000a5d00000, 0x00000000a5d00000|100%|HC|  |TAMS 0x00000000a5d00000, 0x00000000a5c00000| Complete 
|  67|0x00000000a5d00000, 0x00000000a5e00000, 0x00000000a5e00000|100%| O|  |TAMS 0x00000000a5e00000, 0x00000000a5d00000| Updating 
|  68|0x00000000a5e00000, 0x00000000a5e61000, 0x00000000a5f00000| 37%| O|  |TAMS 0x00000000a5e61000, 0x00000000a5e00000| Updating 
|  69|0x00000000a5f00000, 0x00000000a5f00000, 0x00000000a6000000|  0%| F|  |TAMS 0x00000000a5f00000, 0x00000000a5f00000| Untracked 
|  70|0x00000000a6000000, 0x00000000a6000000, 0x00000000a6100000|  0%| F|  |TAMS 0x00000000a6000000, 0x00000000a6000000| Untracked 
|  71|0x00000000a6100000, 0x00000000a6100000, 0x00000000a6200000|  0%| F|  |TAMS 0x00000000a6100000, 0x00000000a6100000| Untracked 
|  72|0x00000000a6200000, 0x00000000a6200000, 0x00000000a6300000|  0%| F|  |TAMS 0x00000000a6200000, 0x00000000a6200000| Untracked 
|  73|0x00000000a6300000, 0x00000000a6300000, 0x00000000a6400000|  0%| F|  |TAMS 0x00000000a6300000, 0x00000000a6300000| Untracked 
|  74|0x00000000a6400000, 0x00000000a6400000, 0x00000000a6500000|  0%| F|  |TAMS 0x00000000a6400000, 0x00000000a6400000| Untracked 
|  75|0x00000000a6500000, 0x00000000a6500000, 0x00000000a6600000|  0%| F|  |TAMS 0x00000000a6500000, 0x00000000a6500000| Untracked 
|  76|0x00000000a6600000, 0x00000000a6600000, 0x00000000a6700000|  0%| F|  |TAMS 0x00000000a6600000, 0x00000000a6600000| Untracked 
|  77|0x00000000a6700000, 0x00000000a6700000, 0x00000000a6800000|  0%| F|  |TAMS 0x00000000a6700000, 0x00000000a6700000| Untracked 
|  78|0x00000000a6800000, 0x00000000a6800000, 0x00000000a6900000|  0%| F|  |TAMS 0x00000000a6800000, 0x00000000a6800000| Untracked 
|  79|0x00000000a6900000, 0x00000000a6900000, 0x00000000a6a00000|  0%| F|  |TAMS 0x00000000a6900000, 0x00000000a6900000| Untracked 
|  80|0x00000000a6a00000, 0x00000000a6b00000, 0x00000000a6b00000|100%|HS|  |TAMS 0x00000000a6b00000, 0x00000000a6a00000| Complete 
|  81|0x00000000a6b00000, 0x00000000a6c00000, 0x00000000a6c00000|100%|HC|  |TAMS 0x00000000a6c00000, 0x00000000a6b00000| Complete 
|  82|0x00000000a6c00000, 0x00000000a6d00000, 0x00000000a6d00000|100%|HC|  |TAMS 0x00000000a6d00000, 0x00000000a6c00000| Complete 
|  83|0x00000000a6d00000, 0x00000000a6e00000, 0x00000000a6e00000|100%|HC|  |TAMS 0x00000000a6e00000, 0x00000000a6d00000| Complete 
|  84|0x00000000a6e00000, 0x00000000a6f00000, 0x00000000a6f00000|100%|HC|  |TAMS 0x00000000a6f00000, 0x00000000a6e00000| Complete 
|  85|0x00000000a6f00000, 0x00000000a7000000, 0x00000000a7000000|100%|HC|  |TAMS 0x00000000a7000000, 0x00000000a6f00000| Complete 
|  86|0x00000000a7000000, 0x00000000a7100000, 0x00000000a7100000|100%|HC|  |TAMS 0x00000000a7100000, 0x00000000a7000000| Complete 
|  87|0x00000000a7100000, 0x00000000a7200000, 0x00000000a7200000|100%|HC|  |TAMS 0x00000000a7200000, 0x00000000a7100000| Complete 
|  88|0x00000000a7200000, 0x00000000a7200000, 0x00000000a7300000|  0%| F|  |TAMS 0x00000000a7200000, 0x00000000a7200000| Untracked 
|  89|0x00000000a7300000, 0x00000000a7300000, 0x00000000a7400000|  0%| F|  |TAMS 0x00000000a7300000, 0x00000000a7300000| Untracked 
|  90|0x00000000a7400000, 0x00000000a7400000, 0x00000000a7500000|  0%| F|  |TAMS 0x00000000a7400000, 0x00000000a7400000| Untracked 
|  91|0x00000000a7500000, 0x00000000a7500000, 0x00000000a7600000|  0%| F|  |TAMS 0x00000000a7500000, 0x00000000a7500000| Untracked 
|  92|0x00000000a7600000, 0x00000000a7600000, 0x00000000a7700000|  0%| F|  |TAMS 0x00000000a7600000, 0x00000000a7600000| Untracked 
|  93|0x00000000a7700000, 0x00000000a7700000, 0x00000000a7800000|  0%| F|  |TAMS 0x00000000a7700000, 0x00000000a7700000| Untracked 
|  94|0x00000000a7800000, 0x00000000a7800000, 0x00000000a7900000|  0%| F|  |TAMS 0x00000000a7800000, 0x00000000a7800000| Untracked 
|  95|0x00000000a7900000, 0x00000000a7a00000, 0x00000000a7a00000|100%|HS|  |TAMS 0x00000000a7a00000, 0x00000000a7900000| Complete 
|  96|0x00000000a7a00000, 0x00000000a7b00000, 0x00000000a7b00000|100%|HC|  |TAMS 0x00000000a7b00000, 0x00000000a7a00000| Complete 
|  97|0x00000000a7b00000, 0x00000000a7c00000, 0x00000000a7c00000|100%|HC|  |TAMS 0x00000000a7c00000, 0x00000000a7b00000| Complete 
|  98|0x00000000a7c00000, 0x00000000a7d00000, 0x00000000a7d00000|100%|HC|  |TAMS 0x00000000a7d00000, 0x00000000a7c00000| Complete 
|  99|0x00000000a7d00000, 0x00000000a7e00000, 0x00000000a7e00000|100%|HC|  |TAMS 0x00000000a7e00000, 0x00000000a7d00000| Complete 
| 100|0x00000000a7e00000, 0x00000000a7f00000, 0x00000000a7f00000|100%|HC|  |TAMS 0x00000000a7f00000, 0x00000000a7e00000| Complete 
| 101|0x00000000a7f00000, 0x00000000a8000000, 0x00000000a8000000|100%|HC|  |TAMS 0x00000000a8000000, 0x00000000a7f00000| Complete 
| 102|0x00000000a8000000, 0x00000000a8100000, 0x00000000a8100000|100%|HC|  |TAMS 0x00000000a8100000, 0x00000000a8000000| Complete 
| 103|0x00000000a8100000, 0x00000000a8100000, 0x00000000a8200000|  0%| F|  |TAMS 0x00000000a8100000, 0x00000000a8100000| Untracked 
| 104|0x00000000a8200000, 0x00000000a8300000, 0x00000000a8300000|100%|HS|  |TAMS 0x00000000a8300000, 0x00000000a8200000| Complete 
| 105|0x00000000a8300000, 0x00000000a8400000, 0x00000000a8400000|100%|HC|  |TAMS 0x00000000a8400000, 0x00000000a8300000| Complete 
| 106|0x00000000a8400000, 0x00000000a8500000, 0x00000000a8500000|100%|HC|  |TAMS 0x00000000a8500000, 0x00000000a8400000| Complete 
| 107|0x00000000a8500000, 0x00000000a8600000, 0x00000000a8600000|100%|HC|  |TAMS 0x00000000a8600000, 0x00000000a8500000| Complete 
| 108|0x00000000a8600000, 0x00000000a8700000, 0x00000000a8700000|100%|HC|  |TAMS 0x00000000a8700000, 0x00000000a8600000| Complete 
| 109|0x00000000a8700000, 0x00000000a8800000, 0x00000000a8800000|100%|HC|  |TAMS 0x00000000a8800000, 0x00000000a8700000| Complete 
| 110|0x00000000a8800000, 0x00000000a8900000, 0x00000000a8900000|100%|HC|  |TAMS 0x00000000a8900000, 0x00000000a8800000| Complete 
| 111|0x00000000a8900000, 0x00000000a8a00000, 0x00000000a8a00000|100%|HC|  |TAMS 0x00000000a8a00000, 0x00000000a8900000| Complete 
| 112|0x00000000a8a00000, 0x00000000a8a00000, 0x00000000a8b00000|  0%| F|  |TAMS 0x00000000a8a00000, 0x00000000a8a00000| Untracked 
| 113|0x00000000a8b00000, 0x00000000a8b00000, 0x00000000a8c00000|  0%| F|  |TAMS 0x00000000a8b00000, 0x00000000a8b00000| Untracked 
| 114|0x00000000a8c00000, 0x00000000a8c00000, 0x00000000a8d00000|  0%| F|  |TAMS 0x00000000a8c00000, 0x00000000a8c00000| Untracked 
| 115|0x00000000a8d00000, 0x00000000a8d00000, 0x00000000a8e00000|  0%| F|  |TAMS 0x00000000a8d00000, 0x00000000a8d00000| Untracked 
| 116|0x00000000a8e00000, 0x00000000a8e00000, 0x00000000a8f00000|  0%| F|  |TAMS 0x00000000a8e00000, 0x00000000a8e00000| Untracked 
| 117|0x00000000a8f00000, 0x00000000a8f00000, 0x00000000a9000000|  0%| F|  |TAMS 0x00000000a8f00000, 0x00000000a8f00000| Untracked 
| 118|0x00000000a9000000, 0x00000000a9000000, 0x00000000a9100000|  0%| F|  |TAMS 0x00000000a9000000, 0x00000000a9000000| Untracked 
| 119|0x00000000a9100000, 0x00000000a9100000, 0x00000000a9200000|  0%| F|  |TAMS 0x00000000a9100000, 0x00000000a9100000| Untracked 
| 120|0x00000000a9200000, 0x00000000a9200000, 0x00000000a9300000|  0%| F|  |TAMS 0x00000000a9200000, 0x00000000a9200000| Untracked 
| 121|0x00000000a9300000, 0x00000000a9400000, 0x00000000a9400000|100%|HS|  |TAMS 0x00000000a9400000, 0x00000000a9300000| Complete 
| 122|0x00000000a9400000, 0x00000000a9500000, 0x00000000a9500000|100%|HC|  |TAMS 0x00000000a9500000, 0x00000000a9400000| Complete 
| 123|0x00000000a9500000, 0x00000000a9600000, 0x00000000a9600000|100%|HC|  |TAMS 0x00000000a9600000, 0x00000000a9500000| Complete 
| 124|0x00000000a9600000, 0x00000000a9700000, 0x00000000a9700000|100%|HC|  |TAMS 0x00000000a9700000, 0x00000000a9600000| Complete 
| 125|0x00000000a9700000, 0x00000000a9800000, 0x00000000a9800000|100%|HC|  |TAMS 0x00000000a9800000, 0x00000000a9700000| Complete 
| 126|0x00000000a9800000, 0x00000000a9900000, 0x00000000a9900000|100%|HC|  |TAMS 0x00000000a9900000, 0x00000000a9800000| Complete 
| 127|0x00000000a9900000, 0x00000000a9a00000, 0x00000000a9a00000|100%|HC|  |TAMS 0x00000000a9a00000, 0x00000000a9900000| Complete 
| 128|0x00000000a9a00000, 0x00000000a9b00000, 0x00000000a9b00000|100%|HC|  |TAMS 0x00000000a9b00000, 0x00000000a9a00000| Complete 
| 129|0x00000000a9b00000, 0x00000000a9c00000, 0x00000000a9c00000|100%|HC|  |TAMS 0x00000000a9c00000, 0x00000000a9b00000| Complete 
| 130|0x00000000a9c00000, 0x00000000a9d00000, 0x00000000a9d00000|100%|HS|  |TAMS 0x00000000a9d00000, 0x00000000a9c00000| Complete 
| 131|0x00000000a9d00000, 0x00000000a9e00000, 0x00000000a9e00000|100%|HC|  |TAMS 0x00000000a9e00000, 0x00000000a9d00000| Complete 
| 132|0x00000000a9e00000, 0x00000000a9f00000, 0x00000000a9f00000|100%|HC|  |TAMS 0x00000000a9f00000, 0x00000000a9e00000| Complete 
| 133|0x00000000a9f00000, 0x00000000aa000000, 0x00000000aa000000|100%|HC|  |TAMS 0x00000000aa000000, 0x00000000a9f00000| Complete 
| 134|0x00000000aa000000, 0x00000000aa100000, 0x00000000aa100000|100%|HC|  |TAMS 0x00000000aa100000, 0x00000000aa000000| Complete 
| 135|0x00000000aa100000, 0x00000000aa200000, 0x00000000aa200000|100%|HC|  |TAMS 0x00000000aa200000, 0x00000000aa100000| Complete 
| 136|0x00000000aa200000, 0x00000000aa300000, 0x00000000aa300000|100%|HC|  |TAMS 0x00000000aa300000, 0x00000000aa200000| Complete 
| 137|0x00000000aa300000, 0x00000000aa400000, 0x00000000aa400000|100%|HC|  |TAMS 0x00000000aa400000, 0x00000000aa300000| Complete 
| 138|0x00000000aa400000, 0x00000000aa500000, 0x00000000aa500000|100%|HC|  |TAMS 0x00000000aa500000, 0x00000000aa400000| Complete 
| 139|0x00000000aa500000, 0x00000000aa500000, 0x00000000aa600000|  0%| F|  |TAMS 0x00000000aa500000, 0x00000000aa500000| Untracked 
| 140|0x00000000aa600000, 0x00000000aa700000, 0x00000000aa700000|100%|HS|  |TAMS 0x00000000aa700000, 0x00000000aa600000| Complete 
| 141|0x00000000aa700000, 0x00000000aa800000, 0x00000000aa800000|100%|HC|  |TAMS 0x00000000aa800000, 0x00000000aa700000| Complete 
| 142|0x00000000aa800000, 0x00000000aa900000, 0x00000000aa900000|100%|HC|  |TAMS 0x00000000aa900000, 0x00000000aa800000| Complete 
| 143|0x00000000aa900000, 0x00000000aaa00000, 0x00000000aaa00000|100%|HC|  |TAMS 0x00000000aaa00000, 0x00000000aa900000| Complete 
| 144|0x00000000aaa00000, 0x00000000aab00000, 0x00000000aab00000|100%|HC|  |TAMS 0x00000000aab00000, 0x00000000aaa00000| Complete 
| 145|0x00000000aab00000, 0x00000000aac00000, 0x00000000aac00000|100%|HC|  |TAMS 0x00000000aac00000, 0x00000000aab00000| Complete 
| 146|0x00000000aac00000, 0x00000000aad00000, 0x00000000aad00000|100%|HC|  |TAMS 0x00000000aad00000, 0x00000000aac00000| Complete 
| 147|0x00000000aad00000, 0x00000000aae00000, 0x00000000aae00000|100%|HC|  |TAMS 0x00000000aae00000, 0x00000000aad00000| Complete 
| 148|0x00000000aae00000, 0x00000000aaf00000, 0x00000000aaf00000|100%|HC|  |TAMS 0x00000000aaf00000, 0x00000000aae00000| Complete 
| 149|0x00000000aaf00000, 0x00000000ab000000, 0x00000000ab000000|100%|HC|  |TAMS 0x00000000ab000000, 0x00000000aaf00000| Complete 
| 150|0x00000000ab000000, 0x00000000ab100000, 0x00000000ab100000|100%|HS|  |TAMS 0x00000000ab100000, 0x00000000ab000000| Complete 
| 151|0x00000000ab100000, 0x00000000ab200000, 0x00000000ab200000|100%|HC|  |TAMS 0x00000000ab200000, 0x00000000ab100000| Complete 
| 152|0x00000000ab200000, 0x00000000ab300000, 0x00000000ab300000|100%|HC|  |TAMS 0x00000000ab300000, 0x00000000ab200000| Complete 
| 153|0x00000000ab300000, 0x00000000ab400000, 0x00000000ab400000|100%|HC|  |TAMS 0x00000000ab400000, 0x00000000ab300000| Complete 
| 154|0x00000000ab400000, 0x00000000ab500000, 0x00000000ab500000|100%|HC|  |TAMS 0x00000000ab500000, 0x00000000ab400000| Complete 
| 155|0x00000000ab500000, 0x00000000ab600000, 0x00000000ab600000|100%|HC|  |TAMS 0x00000000ab600000, 0x00000000ab500000| Complete 
| 156|0x00000000ab600000, 0x00000000ab700000, 0x00000000ab700000|100%|HC|  |TAMS 0x00000000ab700000, 0x00000000ab600000| Complete 
| 157|0x00000000ab700000, 0x00000000ab800000, 0x00000000ab800000|100%|HC|  |TAMS 0x00000000ab800000, 0x00000000ab700000| Complete 
| 158|0x00000000ab800000, 0x00000000ab900000, 0x00000000ab900000|100%|HC|  |TAMS 0x00000000ab900000, 0x00000000ab800000| Complete 
| 159|0x00000000ab900000, 0x00000000aba00000, 0x00000000aba00000|100%|HC|  |TAMS 0x00000000aba00000, 0x00000000ab900000| Complete 
| 160|0x00000000aba00000, 0x00000000aba00000, 0x00000000abb00000|  0%| F|  |TAMS 0x00000000aba00000, 0x00000000aba00000| Untracked 
| 161|0x00000000abb00000, 0x00000000abb00000, 0x00000000abc00000|  0%| F|  |TAMS 0x00000000abb00000, 0x00000000abb00000| Untracked 
| 162|0x00000000abc00000, 0x00000000abc00000, 0x00000000abd00000|  0%| F|  |TAMS 0x00000000abc00000, 0x00000000abc00000| Untracked 
| 163|0x00000000abd00000, 0x00000000abd00000, 0x00000000abe00000|  0%| F|  |TAMS 0x00000000abd00000, 0x00000000abd00000| Untracked 
| 164|0x00000000abe00000, 0x00000000abe00000, 0x00000000abf00000|  0%| F|  |TAMS 0x00000000abe00000, 0x00000000abe00000| Untracked 
| 165|0x00000000abf00000, 0x00000000abf00000, 0x00000000ac000000|  0%| F|  |TAMS 0x00000000abf00000, 0x00000000abf00000| Untracked 
| 166|0x00000000ac000000, 0x00000000ac100000, 0x00000000ac100000|100%|HS|  |TAMS 0x00000000ac100000, 0x00000000ac000000| Complete 
| 167|0x00000000ac100000, 0x00000000ac200000, 0x00000000ac200000|100%|HC|  |TAMS 0x00000000ac200000, 0x00000000ac100000| Complete 
| 168|0x00000000ac200000, 0x00000000ac300000, 0x00000000ac300000|100%|HC|  |TAMS 0x00000000ac300000, 0x00000000ac200000| Complete 
| 169|0x00000000ac300000, 0x00000000ac400000, 0x00000000ac400000|100%|HC|  |TAMS 0x00000000ac400000, 0x00000000ac300000| Complete 
| 170|0x00000000ac400000, 0x00000000ac500000, 0x00000000ac500000|100%|HC|  |TAMS 0x00000000ac500000, 0x00000000ac400000| Complete 
| 171|0x00000000ac500000, 0x00000000ac600000, 0x00000000ac600000|100%|HC|  |TAMS 0x00000000ac600000, 0x00000000ac500000| Complete 
| 172|0x00000000ac600000, 0x00000000ac700000, 0x00000000ac700000|100%|HC|  |TAMS 0x00000000ac700000, 0x00000000ac600000| Complete 
| 173|0x00000000ac700000, 0x00000000ac800000, 0x00000000ac800000|100%|HC|  |TAMS 0x00000000ac800000, 0x00000000ac700000| Complete 
| 174|0x00000000ac800000, 0x00000000ac900000, 0x00000000ac900000|100%|HC|  |TAMS 0x00000000ac900000, 0x00000000ac800000| Complete 
| 175|0x00000000ac900000, 0x00000000aca00000, 0x00000000aca00000|100%|HC|  |TAMS 0x00000000aca00000, 0x00000000ac900000| Complete 
| 176|0x00000000aca00000, 0x00000000acb00000, 0x00000000acb00000|100%|HC|  |TAMS 0x00000000acb00000, 0x00000000aca00000| Complete 
| 177|0x00000000acb00000, 0x00000000acc00000, 0x00000000acc00000|100%|HC|  |TAMS 0x00000000acc00000, 0x00000000acb00000| Complete 
| 178|0x00000000acc00000, 0x00000000acd00000, 0x00000000acd00000|100%|HC|  |TAMS 0x00000000acd00000, 0x00000000acc00000| Complete 
| 179|0x00000000acd00000, 0x00000000ace00000, 0x00000000ace00000|100%|HC|  |TAMS 0x00000000ace00000, 0x00000000acd00000| Complete 
| 180|0x00000000ace00000, 0x00000000acf00000, 0x00000000acf00000|100%|HC|  |TAMS 0x00000000acf00000, 0x00000000ace00000| Complete 
| 181|0x00000000acf00000, 0x00000000ad000000, 0x00000000ad000000|100%|HC|  |TAMS 0x00000000ad000000, 0x00000000acf00000| Complete 
| 182|0x00000000ad000000, 0x00000000ad100000, 0x00000000ad100000|100%|HS|  |TAMS 0x00000000ad000000, 0x00000000ad000000| Complete 
| 183|0x00000000ad100000, 0x00000000ad200000, 0x00000000ad200000|100%|HC|  |TAMS 0x00000000ad100000, 0x00000000ad100000| Complete 
| 184|0x00000000ad200000, 0x00000000ad300000, 0x00000000ad300000|100%|HC|  |TAMS 0x00000000ad200000, 0x00000000ad200000| Complete 
| 185|0x00000000ad300000, 0x00000000ad400000, 0x00000000ad400000|100%|HC|  |TAMS 0x00000000ad300000, 0x00000000ad300000| Complete 
| 186|0x00000000ad400000, 0x00000000ad500000, 0x00000000ad500000|100%|HC|  |TAMS 0x00000000ad400000, 0x00000000ad400000| Complete 
| 187|0x00000000ad500000, 0x00000000ad600000, 0x00000000ad600000|100%|HC|  |TAMS 0x00000000ad500000, 0x00000000ad500000| Complete 
| 188|0x00000000ad600000, 0x00000000ad700000, 0x00000000ad700000|100%|HC|  |TAMS 0x00000000ad600000, 0x00000000ad600000| Complete 
| 189|0x00000000ad700000, 0x00000000ad800000, 0x00000000ad800000|100%|HC|  |TAMS 0x00000000ad700000, 0x00000000ad700000| Complete 
| 190|0x00000000ad800000, 0x00000000ad900000, 0x00000000ad900000|100%|HC|  |TAMS 0x00000000ad800000, 0x00000000ad800000| Complete 
| 191|0x00000000ad900000, 0x00000000ada00000, 0x00000000ada00000|100%|HC|  |TAMS 0x00000000ad900000, 0x00000000ad900000| Complete 
| 192|0x00000000ada00000, 0x00000000adb00000, 0x00000000adb00000|100%|HC|  |TAMS 0x00000000ada00000, 0x00000000ada00000| Complete 
| 193|0x00000000adb00000, 0x00000000adc00000, 0x00000000adc00000|100%|HC|  |TAMS 0x00000000adb00000, 0x00000000adb00000| Complete 
| 194|0x00000000adc00000, 0x00000000add00000, 0x00000000add00000|100%|HC|  |TAMS 0x00000000adc00000, 0x00000000adc00000| Complete 
| 195|0x00000000add00000, 0x00000000ade00000, 0x00000000ade00000|100%|HC|  |TAMS 0x00000000add00000, 0x00000000add00000| Complete 
| 196|0x00000000ade00000, 0x00000000adf00000, 0x00000000adf00000|100%|HC|  |TAMS 0x00000000ade00000, 0x00000000ade00000| Complete 
| 197|0x00000000adf00000, 0x00000000ae000000, 0x00000000ae000000|100%|HS|  |TAMS 0x00000000ae000000, 0x00000000adf00000| Complete 
| 198|0x00000000ae000000, 0x00000000ae100000, 0x00000000ae100000|100%|HC|  |TAMS 0x00000000ae100000, 0x00000000ae000000| Complete 
| 199|0x00000000ae100000, 0x00000000ae200000, 0x00000000ae200000|100%|HC|  |TAMS 0x00000000ae200000, 0x00000000ae100000| Complete 
| 200|0x00000000ae200000, 0x00000000ae300000, 0x00000000ae300000|100%|HC|  |TAMS 0x00000000ae300000, 0x00000000ae200000| Complete 
| 201|0x00000000ae300000, 0x00000000ae400000, 0x00000000ae400000|100%|HC|  |TAMS 0x00000000ae400000, 0x00000000ae300000| Complete 
| 202|0x00000000ae400000, 0x00000000ae500000, 0x00000000ae500000|100%|HC|  |TAMS 0x00000000ae500000, 0x00000000ae400000| Complete 
| 203|0x00000000ae500000, 0x00000000ae600000, 0x00000000ae600000|100%|HC|  |TAMS 0x00000000ae600000, 0x00000000ae500000| Complete 
| 204|0x00000000ae600000, 0x00000000ae700000, 0x00000000ae700000|100%|HC|  |TAMS 0x00000000ae700000, 0x00000000ae600000| Complete 
| 205|0x00000000ae700000, 0x00000000ae800000, 0x00000000ae800000|100%|HC|  |TAMS 0x00000000ae800000, 0x00000000ae700000| Complete 
| 206|0x00000000ae800000, 0x00000000ae900000, 0x00000000ae900000|100%|HC|  |TAMS 0x00000000ae900000, 0x00000000ae800000| Complete 
| 207|0x00000000ae900000, 0x00000000aea00000, 0x00000000aea00000|100%|HC|  |TAMS 0x00000000aea00000, 0x00000000ae900000| Complete 
| 208|0x00000000aea00000, 0x00000000aeb00000, 0x00000000aeb00000|100%|HC|  |TAMS 0x00000000aeb00000, 0x00000000aea00000| Complete 
| 209|0x00000000aeb00000, 0x00000000aec00000, 0x00000000aec00000|100%|HC|  |TAMS 0x00000000aec00000, 0x00000000aeb00000| Complete 
| 210|0x00000000aec00000, 0x00000000aed00000, 0x00000000aed00000|100%|HC|  |TAMS 0x00000000aed00000, 0x00000000aec00000| Complete 
| 211|0x00000000aed00000, 0x00000000aee00000, 0x00000000aee00000|100%|HC|  |TAMS 0x00000000aee00000, 0x00000000aed00000| Complete 
| 212|0x00000000aee00000, 0x00000000aee00000, 0x00000000aef00000|  0%| F|  |TAMS 0x00000000aee00000, 0x00000000aee00000| Untracked 
| 213|0x00000000aef00000, 0x00000000aef00000, 0x00000000af000000|  0%| F|  |TAMS 0x00000000aef00000, 0x00000000aef00000| Untracked 
| 214|0x00000000af000000, 0x00000000af000000, 0x00000000af100000|  0%| F|  |TAMS 0x00000000af000000, 0x00000000af000000| Untracked 
| 215|0x00000000af100000, 0x00000000af100000, 0x00000000af200000|  0%| F|  |TAMS 0x00000000af100000, 0x00000000af100000| Untracked 
| 216|0x00000000af200000, 0x00000000af200000, 0x00000000af300000|  0%| F|  |TAMS 0x00000000af200000, 0x00000000af200000| Untracked 
| 217|0x00000000af300000, 0x00000000af300000, 0x00000000af400000|  0%| F|  |TAMS 0x00000000af300000, 0x00000000af300000| Untracked 
| 218|0x00000000af400000, 0x00000000af400000, 0x00000000af500000|  0%| F|  |TAMS 0x00000000af400000, 0x00000000af400000| Untracked 
| 219|0x00000000af500000, 0x00000000af500000, 0x00000000af600000|  0%| F|  |TAMS 0x00000000af500000, 0x00000000af500000| Untracked 
| 220|0x00000000af600000, 0x00000000af600000, 0x00000000af700000|  0%| F|  |TAMS 0x00000000af600000, 0x00000000af600000| Untracked 
| 221|0x00000000af700000, 0x00000000af700000, 0x00000000af800000|  0%| F|  |TAMS 0x00000000af700000, 0x00000000af700000| Untracked 
| 222|0x00000000af800000, 0x00000000af800000, 0x00000000af900000|  0%| F|  |TAMS 0x00000000af800000, 0x00000000af800000| Untracked 
| 223|0x00000000af900000, 0x00000000af900000, 0x00000000afa00000|  0%| F|  |TAMS 0x00000000af900000, 0x00000000af900000| Untracked 
| 224|0x00000000afa00000, 0x00000000afa00000, 0x00000000afb00000|  0%| F|  |TAMS 0x00000000afa00000, 0x00000000afa00000| Untracked 
| 225|0x00000000afb00000, 0x00000000afc00000, 0x00000000afc00000|100%|HS|  |TAMS 0x00000000afc00000, 0x00000000afb00000| Complete 
| 226|0x00000000afc00000, 0x00000000afd00000, 0x00000000afd00000|100%|HC|  |TAMS 0x00000000afd00000, 0x00000000afc00000| Complete 
| 227|0x00000000afd00000, 0x00000000afe00000, 0x00000000afe00000|100%|HC|  |TAMS 0x00000000afe00000, 0x00000000afd00000| Complete 
| 228|0x00000000afe00000, 0x00000000aff00000, 0x00000000aff00000|100%|HC|  |TAMS 0x00000000aff00000, 0x00000000afe00000| Complete 
| 229|0x00000000aff00000, 0x00000000b0000000, 0x00000000b0000000|100%|HC|  |TAMS 0x00000000b0000000, 0x00000000aff00000| Complete 
| 230|0x00000000b0000000, 0x00000000b0100000, 0x00000000b0100000|100%|HC|  |TAMS 0x00000000b0100000, 0x00000000b0000000| Complete 
| 231|0x00000000b0100000, 0x00000000b0200000, 0x00000000b0200000|100%|HC|  |TAMS 0x00000000b0200000, 0x00000000b0100000| Complete 
| 232|0x00000000b0200000, 0x00000000b0300000, 0x00000000b0300000|100%|HC|  |TAMS 0x00000000b0300000, 0x00000000b0200000| Complete 
| 233|0x00000000b0300000, 0x00000000b0400000, 0x00000000b0400000|100%|HC|  |TAMS 0x00000000b0400000, 0x00000000b0300000| Complete 
| 234|0x00000000b0400000, 0x00000000b0500000, 0x00000000b0500000|100%|HC|  |TAMS 0x00000000b0500000, 0x00000000b0400000| Complete 
| 235|0x00000000b0500000, 0x00000000b0600000, 0x00000000b0600000|100%|HC|  |TAMS 0x00000000b0600000, 0x00000000b0500000| Complete 
| 236|0x00000000b0600000, 0x00000000b0700000, 0x00000000b0700000|100%|HC|  |TAMS 0x00000000b0700000, 0x00000000b0600000| Complete 
| 237|0x00000000b0700000, 0x00000000b0800000, 0x00000000b0800000|100%|HC|  |TAMS 0x00000000b0800000, 0x00000000b0700000| Complete 
| 238|0x00000000b0800000, 0x00000000b0800000, 0x00000000b0900000|  0%| F|  |TAMS 0x00000000b0800000, 0x00000000b0800000| Untracked 
| 239|0x00000000b0900000, 0x00000000b0900000, 0x00000000b0a00000|  0%| F|  |TAMS 0x00000000b0900000, 0x00000000b0900000| Untracked 
| 240|0x00000000b0a00000, 0x00000000b0a00000, 0x00000000b0b00000|  0%| F|  |TAMS 0x00000000b0a00000, 0x00000000b0a00000| Untracked 
| 241|0x00000000b0b00000, 0x00000000b0b00000, 0x00000000b0c00000|  0%| F|  |TAMS 0x00000000b0b00000, 0x00000000b0b00000| Untracked 
| 242|0x00000000b0c00000, 0x00000000b0c00000, 0x00000000b0d00000|  0%| F|  |TAMS 0x00000000b0c00000, 0x00000000b0c00000| Untracked 
| 243|0x00000000b0d00000, 0x00000000b0d00000, 0x00000000b0e00000|  0%| F|  |TAMS 0x00000000b0d00000, 0x00000000b0d00000| Untracked 
| 244|0x00000000b0e00000, 0x00000000b0e00000, 0x00000000b0f00000|  0%| F|  |TAMS 0x00000000b0e00000, 0x00000000b0e00000| Untracked 
| 245|0x00000000b0f00000, 0x00000000b0f00000, 0x00000000b1000000|  0%| F|  |TAMS 0x00000000b0f00000, 0x00000000b0f00000| Untracked 
| 246|0x00000000b1000000, 0x00000000b1000000, 0x00000000b1100000|  0%| F|  |TAMS 0x00000000b1000000, 0x00000000b1000000| Untracked 
| 247|0x00000000b1100000, 0x00000000b1100000, 0x00000000b1200000|  0%| F|  |TAMS 0x00000000b1100000, 0x00000000b1100000| Untracked 
| 248|0x00000000b1200000, 0x00000000b1200000, 0x00000000b1300000|  0%| F|  |TAMS 0x00000000b1200000, 0x00000000b1200000| Untracked 
| 249|0x00000000b1300000, 0x00000000b1300000, 0x00000000b1400000|  0%| F|  |TAMS 0x00000000b1300000, 0x00000000b1300000| Untracked 
| 250|0x00000000b1400000, 0x00000000b1500000, 0x00000000b1500000|100%|HS|  |TAMS 0x00000000b1500000, 0x00000000b1400000| Complete 
| 251|0x00000000b1500000, 0x00000000b1600000, 0x00000000b1600000|100%|HC|  |TAMS 0x00000000b1600000, 0x00000000b1500000| Complete 
| 252|0x00000000b1600000, 0x00000000b1700000, 0x00000000b1700000|100%|HC|  |TAMS 0x00000000b1700000, 0x00000000b1600000| Complete 
| 253|0x00000000b1700000, 0x00000000b1800000, 0x00000000b1800000|100%|HC|  |TAMS 0x00000000b1800000, 0x00000000b1700000| Complete 
| 254|0x00000000b1800000, 0x00000000b1900000, 0x00000000b1900000|100%|HC|  |TAMS 0x00000000b1900000, 0x00000000b1800000| Complete 
| 255|0x00000000b1900000, 0x00000000b1a00000, 0x00000000b1a00000|100%|HC|  |TAMS 0x00000000b1a00000, 0x00000000b1900000| Complete 
| 256|0x00000000b1a00000, 0x00000000b1b00000, 0x00000000b1b00000|100%|HC|  |TAMS 0x00000000b1b00000, 0x00000000b1a00000| Complete 
| 257|0x00000000b1b00000, 0x00000000b1c00000, 0x00000000b1c00000|100%|HC|  |TAMS 0x00000000b1c00000, 0x00000000b1b00000| Complete 
| 258|0x00000000b1c00000, 0x00000000b1d00000, 0x00000000b1d00000|100%|HC|  |TAMS 0x00000000b1d00000, 0x00000000b1c00000| Complete 
| 259|0x00000000b1d00000, 0x00000000b1e00000, 0x00000000b1e00000|100%|HC|  |TAMS 0x00000000b1e00000, 0x00000000b1d00000| Complete 
| 260|0x00000000b1e00000, 0x00000000b1f00000, 0x00000000b1f00000|100%|HC|  |TAMS 0x00000000b1f00000, 0x00000000b1e00000| Complete 
| 261|0x00000000b1f00000, 0x00000000b2000000, 0x00000000b2000000|100%|HC|  |TAMS 0x00000000b2000000, 0x00000000b1f00000| Complete 
| 262|0x00000000b2000000, 0x00000000b2100000, 0x00000000b2100000|100%|HS|  |TAMS 0x00000000b2100000, 0x00000000b2000000| Complete 
| 263|0x00000000b2100000, 0x00000000b2200000, 0x00000000b2200000|100%|HC|  |TAMS 0x00000000b2200000, 0x00000000b2100000| Complete 
| 264|0x00000000b2200000, 0x00000000b2300000, 0x00000000b2300000|100%|HC|  |TAMS 0x00000000b2300000, 0x00000000b2200000| Complete 
| 265|0x00000000b2300000, 0x00000000b2400000, 0x00000000b2400000|100%|HC|  |TAMS 0x00000000b2400000, 0x00000000b2300000| Complete 
| 266|0x00000000b2400000, 0x00000000b2500000, 0x00000000b2500000|100%|HC|  |TAMS 0x00000000b2500000, 0x00000000b2400000| Complete 
| 267|0x00000000b2500000, 0x00000000b2600000, 0x00000000b2600000|100%|HC|  |TAMS 0x00000000b2600000, 0x00000000b2500000| Complete 
| 268|0x00000000b2600000, 0x00000000b2700000, 0x00000000b2700000|100%|HC|  |TAMS 0x00000000b2700000, 0x00000000b2600000| Complete 
| 269|0x00000000b2700000, 0x00000000b2800000, 0x00000000b2800000|100%|HC|  |TAMS 0x00000000b2800000, 0x00000000b2700000| Complete 
| 270|0x00000000b2800000, 0x00000000b2900000, 0x00000000b2900000|100%|HC|  |TAMS 0x00000000b2900000, 0x00000000b2800000| Complete 
| 271|0x00000000b2900000, 0x00000000b2a00000, 0x00000000b2a00000|100%|HC|  |TAMS 0x00000000b2a00000, 0x00000000b2900000| Complete 
| 272|0x00000000b2a00000, 0x00000000b2b00000, 0x00000000b2b00000|100%|HC|  |TAMS 0x00000000b2b00000, 0x00000000b2a00000| Complete 
| 273|0x00000000b2b00000, 0x00000000b2c00000, 0x00000000b2c00000|100%|HC|  |TAMS 0x00000000b2c00000, 0x00000000b2b00000| Complete 
| 274|0x00000000b2c00000, 0x00000000b2d00000, 0x00000000b2d00000|100%|HC|  |TAMS 0x00000000b2d00000, 0x00000000b2c00000| Complete 
| 275|0x00000000b2d00000, 0x00000000b2e00000, 0x00000000b2e00000|100%|HC|  |TAMS 0x00000000b2e00000, 0x00000000b2d00000| Complete 
| 276|0x00000000b2e00000, 0x00000000b2f00000, 0x00000000b2f00000|100%|HC|  |TAMS 0x00000000b2f00000, 0x00000000b2e00000| Complete 
| 277|0x00000000b2f00000, 0x00000000b3000000, 0x00000000b3000000|100%|HC|  |TAMS 0x00000000b3000000, 0x00000000b2f00000| Complete 
| 278|0x00000000b3000000, 0x00000000b3100000, 0x00000000b3100000|100%|HS|  |TAMS 0x00000000b3000000, 0x00000000b3000000| Complete 
| 279|0x00000000b3100000, 0x00000000b3200000, 0x00000000b3200000|100%|HC|  |TAMS 0x00000000b3100000, 0x00000000b3100000| Complete 
| 280|0x00000000b3200000, 0x00000000b3300000, 0x00000000b3300000|100%|HC|  |TAMS 0x00000000b3200000, 0x00000000b3200000| Complete 
| 281|0x00000000b3300000, 0x00000000b3400000, 0x00000000b3400000|100%|HC|  |TAMS 0x00000000b3300000, 0x00000000b3300000| Complete 
| 282|0x00000000b3400000, 0x00000000b3500000, 0x00000000b3500000|100%|HC|  |TAMS 0x00000000b3400000, 0x00000000b3400000| Complete 
| 283|0x00000000b3500000, 0x00000000b3600000, 0x00000000b3600000|100%|HC|  |TAMS 0x00000000b3500000, 0x00000000b3500000| Complete 
| 284|0x00000000b3600000, 0x00000000b3700000, 0x00000000b3700000|100%|HC|  |TAMS 0x00000000b3600000, 0x00000000b3600000| Complete 
| 285|0x00000000b3700000, 0x00000000b3800000, 0x00000000b3800000|100%|HC|  |TAMS 0x00000000b3700000, 0x00000000b3700000| Complete 
| 286|0x00000000b3800000, 0x00000000b3900000, 0x00000000b3900000|100%|HC|  |TAMS 0x00000000b3800000, 0x00000000b3800000| Complete 
| 287|0x00000000b3900000, 0x00000000b3a00000, 0x00000000b3a00000|100%|HC|  |TAMS 0x00000000b3900000, 0x00000000b3900000| Complete 
| 288|0x00000000b3a00000, 0x00000000b3b00000, 0x00000000b3b00000|100%|HC|  |TAMS 0x00000000b3a00000, 0x00000000b3a00000| Complete 
| 289|0x00000000b3b00000, 0x00000000b3c00000, 0x00000000b3c00000|100%|HC|  |TAMS 0x00000000b3b00000, 0x00000000b3b00000| Complete 
| 290|0x00000000b3c00000, 0x00000000b3d00000, 0x00000000b3d00000|100%|HC|  |TAMS 0x00000000b3c00000, 0x00000000b3c00000| Complete 
| 291|0x00000000b3d00000, 0x00000000b3e00000, 0x00000000b3e00000|100%|HC|  |TAMS 0x00000000b3d00000, 0x00000000b3d00000| Complete 
| 292|0x00000000b3e00000, 0x00000000b3f00000, 0x00000000b3f00000|100%|HC|  |TAMS 0x00000000b3e00000, 0x00000000b3e00000| Complete 
| 293|0x00000000b3f00000, 0x00000000b4000000, 0x00000000b4000000|100%|HC|  |TAMS 0x00000000b3f00000, 0x00000000b3f00000| Complete 
| 294|0x00000000b4000000, 0x00000000b4000000, 0x00000000b4100000|  0%| F|  |TAMS 0x00000000b4000000, 0x00000000b4000000| Untracked 
| 295|0x00000000b4100000, 0x00000000b4100000, 0x00000000b4200000|  0%| F|  |TAMS 0x00000000b4100000, 0x00000000b4100000| Untracked 
| 296|0x00000000b4200000, 0x00000000b4200000, 0x00000000b4300000|  0%| F|  |TAMS 0x00000000b4200000, 0x00000000b4200000| Untracked 
| 297|0x00000000b4300000, 0x00000000b4300000, 0x00000000b4400000|  0%| F|  |TAMS 0x00000000b4300000, 0x00000000b4300000| Untracked 
| 298|0x00000000b4400000, 0x00000000b4400000, 0x00000000b4500000|  0%| F|  |TAMS 0x00000000b4400000, 0x00000000b4400000| Untracked 
| 299|0x00000000b4500000, 0x00000000b4500000, 0x00000000b4600000|  0%| F|  |TAMS 0x00000000b4500000, 0x00000000b4500000| Untracked 
| 300|0x00000000b4600000, 0x00000000b4600000, 0x00000000b4700000|  0%| F|  |TAMS 0x00000000b4600000, 0x00000000b4600000| Untracked 
| 301|0x00000000b4700000, 0x00000000b4700000, 0x00000000b4800000|  0%| F|  |TAMS 0x00000000b4700000, 0x00000000b4700000| Untracked 
| 302|0x00000000b4800000, 0x00000000b4800000, 0x00000000b4900000|  0%| F|  |TAMS 0x00000000b4800000, 0x00000000b4800000| Untracked 
| 303|0x00000000b4900000, 0x00000000b4900000, 0x00000000b4a00000|  0%| F|  |TAMS 0x00000000b4900000, 0x00000000b4900000| Untracked 
| 304|0x00000000b4a00000, 0x00000000b4a00000, 0x00000000b4b00000|  0%| F|  |TAMS 0x00000000b4a00000, 0x00000000b4a00000| Untracked 
| 305|0x00000000b4b00000, 0x00000000b4b00000, 0x00000000b4c00000|  0%| F|  |TAMS 0x00000000b4b00000, 0x00000000b4b00000| Untracked 
| 306|0x00000000b4c00000, 0x00000000b4c00000, 0x00000000b4d00000|  0%| F|  |TAMS 0x00000000b4c00000, 0x00000000b4c00000| Untracked 
| 307|0x00000000b4d00000, 0x00000000b4d00000, 0x00000000b4e00000|  0%| F|  |TAMS 0x00000000b4d00000, 0x00000000b4d00000| Untracked 
| 308|0x00000000b4e00000, 0x00000000b4e00000, 0x00000000b4f00000|  0%| F|  |TAMS 0x00000000b4e00000, 0x00000000b4e00000| Untracked 
| 309|0x00000000b4f00000, 0x00000000b4f00000, 0x00000000b5000000|  0%| F|  |TAMS 0x00000000b4f00000, 0x00000000b4f00000| Untracked 
| 310|0x00000000b5000000, 0x00000000b5000000, 0x00000000b5100000|  0%| F|  |TAMS 0x00000000b5000000, 0x00000000b5000000| Untracked 
| 311|0x00000000b5100000, 0x00000000b5100000, 0x00000000b5200000|  0%| F|  |TAMS 0x00000000b5100000, 0x00000000b5100000| Untracked 
| 312|0x00000000b5200000, 0x00000000b5200000, 0x00000000b5300000|  0%| F|  |TAMS 0x00000000b5200000, 0x00000000b5200000| Untracked 
| 313|0x00000000b5300000, 0x00000000b5300000, 0x00000000b5400000|  0%| F|  |TAMS 0x00000000b5300000, 0x00000000b5300000| Untracked 
| 314|0x00000000b5400000, 0x00000000b5400000, 0x00000000b5500000|  0%| F|  |TAMS 0x00000000b5400000, 0x00000000b5400000| Untracked 
| 315|0x00000000b5500000, 0x00000000b5500000, 0x00000000b5600000|  0%| F|  |TAMS 0x00000000b5500000, 0x00000000b5500000| Untracked 
| 316|0x00000000b5600000, 0x00000000b5600000, 0x00000000b5700000|  0%| F|  |TAMS 0x00000000b5600000, 0x00000000b5600000| Untracked 
| 317|0x00000000b5700000, 0x00000000b5700000, 0x00000000b5800000|  0%| F|  |TAMS 0x00000000b5700000, 0x00000000b5700000| Untracked 
| 318|0x00000000b5800000, 0x00000000b581a420, 0x00000000b5900000| 10%| E|  |TAMS 0x00000000b5800000, 0x00000000b5800000| Complete 
| 319|0x00000000b5900000, 0x00000000b595f2b8, 0x00000000b5a00000| 37%| S|CS|TAMS 0x00000000b5900000, 0x00000000b5900000| Complete 
|1508|0x00000000ffe00000, 0x00000000fff00000, 0x00000000fff00000|100%| O|  |TAMS 0x00000000fff00000, 0x00000000ffe00000| Updating 
|1509|0x00000000fff00000, 0x0000000100000000, 0x0000000100000000|100%| O|  |TAMS 0x0000000100000000, 0x00000000fff00000| Updating 

Card table byte_map: [0x000000f040a80000,0x000000f040d80000] _byte_map_base: 0x000000f040573000

Marking Bits (Prev, Next): (CMBitMap*) 0x000000f02903e228, (CMBitMap*) 0x000000f02903e268
 Prev Bits: [0x000000f041080000, 0x000000f042818000)
 Next Bits: [0x000000f042820000, 0x000000f043fb8000)

Polling page: 0x000000f026e00000

Metaspace:

Usage:
  Non-class:     37.64 MB capacity,    36.85 MB ( 98%) used,   683.39 KB (  2%) free+waste,   130.00 KB ( <1%) overhead. 
      Class:      5.76 MB capacity,     5.36 MB ( 93%) used,   347.90 KB (  6%) free+waste,    62.75 KB (  1%) overhead. 
       Both:     43.41 MB capacity,    42.21 MB ( 97%) used,     1.01 MB (  2%) free+waste,   192.75 KB ( <1%) overhead. 

Virtual space:
  Non-class space:       38.00 MB reserved,      37.75 MB (>99%) committed 
      Class space:        1.00 GB reserved,       5.88 MB ( <1%) committed 
             Both:        1.04 GB reserved,      43.63 MB (  4%) committed 

Chunk freelists:
   Non-Class:  44.00 KB
       Class:  19.00 KB
        Both:  63.00 KB

MaxMetaspaceSize: 17179869184.00 GB
CompressedClassSpaceSize: 1.00 GB

CodeHeap 'non-profiled nmethods': size=238912Kb used=10877Kb max_used=10877Kb free=228034Kb
 bounds [0x000000f031e30000, 0x000000f0328d0000, 0x000000f040780000]
CodeHeap 'non-nmethods': size=6848Kb used=1278Kb max_used=1278Kb free=5569Kb
 bounds [0x000000f031780000, 0x000000f0319f0000, 0x000000f031e30000]
 total_blobs=6655 nmethods=6088 adapters=494
 compilation: enabled
              stopped_count=0, restarted_count=0
 full_count=0

Compilation events (20 events):
Event: 100.786 Thread 0x000000f0467d1000 6079   !   1       org.springframework.context.event.SimpleApplicationEventMulticaster::doInvokeListener (90 bytes)
Event: 100.787 Thread 0x000000f0467d1000 nmethod 6079 0x000000f0328cc090 code [0x000000f0328cc2e0, 0x000000f0328cc898]
Event: 100.818 Thread 0x000000f0467d1000 6080       1       org.bson.ByteBufNIO::<init> (28 bytes)
Event: 100.820 Thread 0x000000f0467d1000 nmethod 6080 0x000000f0328ccc10 code [0x000000f0328ccdc0, 0x000000f0328ccfe8]
Event: 100.849 Thread 0x000000f0467d1000 6081       1       com.mongodb.connection.ReplyHeader::getNumberReturned (5 bytes)
Event: 100.849 Thread 0x000000f0467d1000 nmethod 6081 0x000000f0328cd110 code [0x000000f0328cd2a0, 0x000000f0328cd378]
Event: 100.849 Thread 0x000000f0467d1000 6082       1       org.springframework.core.convert.support.GenericConversionService$ConverterCacheKey::hashCode (19 bytes)
Event: 100.849 Thread 0x000000f0467d1000 nmethod 6082 0x000000f0328cd410 code [0x000000f0328cd5c0, 0x000000f0328cd718]
Event: 100.849 Thread 0x000000f0467d1000 6083       1       java.lang.Math::abs (11 bytes)
Event: 100.850 Thread 0x000000f0467d1000 nmethod 6083 0x000000f0328cd890 code [0x000000f0328cda20, 0x000000f0328cdad8]
Event: 100.850 Thread 0x000000f0467d1000 6084       1       com.mongodb.internal.connection.ConcurrentLinkedDeque$Node::predecessor (60 bytes)
Event: 100.850 Thread 0x000000f0467d1000 nmethod 6084 0x000000f0328cdb90 code [0x000000f0328cdd60, 0x000000f0328cdff8]
Event: 100.850 Thread 0x000000f0467d1000 6085       1       org.bson.io.OutputBuffer::writeInt32 (42 bytes)
Event: 100.850 Thread 0x000000f0467d1000 nmethod 6085 0x000000f0328ce210 code [0x000000f0328ce3e0, 0x000000f0328ce598]
Event: 100.960 Thread 0x000000f0467d1000 6086       1       org.springframework.data.mongodb.util.BsonUtils::asMap (54 bytes)
Event: 100.961 Thread 0x000000f0467d1000 nmethod 6086 0x000000f0328ce690 code [0x000000f0328ce8a0, 0x000000f0328cee08]
Event: 100.961 Thread 0x000000f0467d1000 6087       1       org.springframework.data.mapping.model.BasicPersistentEntity::getPersistenceConstructor (5 bytes)
Event: 100.961 Thread 0x000000f0467d1000 nmethod 6087 0x000000f0328cf090 code [0x000000f0328cf220, 0x000000f0328cf2f8]
Event: 100.983 Thread 0x000000f0467d1000 6088       1       java.util.concurrent.locks.AbstractQueuedSynchronizer::hasQueuedPredecessors (58 bytes)
Event: 100.984 Thread 0x000000f0467d1000 nmethod 6088 0x000000f0328cf390 code [0x000000f0328cf520, 0x000000f0328cf688]

GC Heap History (20 events):
Event: 5.669 GC heap before
{Heap before GC invocations=8 (full 0):
 garbage-first heap   total 66560K, used 46449K [0x00000000a1a00000, 0x0000000100000000)
  region size 1024K, 32 young (32768K), 4 survivors (4096K)
 Metaspace       used 29641K, capacity 30503K, committed 30720K, reserved 1075200K
  class space    used 3957K, capacity 4278K, committed 4352K, reserved 1048576K
}
Event: 5.680 GC heap after
{Heap after GC invocations=9 (full 0):
 garbage-first heap   total 66560K, used 20462K [0x00000000a1a00000, 0x0000000100000000)
  region size 1024K, 4 young (4096K), 4 survivors (4096K)
 Metaspace       used 29641K, capacity 30503K, committed 30720K, reserved 1075200K
  class space    used 3957K, capacity 4278K, committed 4352K, reserved 1048576K
}
Event: 6.071 GC heap before
{Heap before GC invocations=9 (full 0):
 garbage-first heap   total 66560K, used 48110K [0x00000000a1a00000, 0x0000000100000000)
  region size 1024K, 31 young (31744K), 4 survivors (4096K)
 Metaspace       used 31578K, capacity 32553K, committed 32896K, reserved 1077248K
  class space    used 4264K, capacity 4616K, committed 4736K, reserved 1048576K
}
Event: 6.082 GC heap after
{Heap after GC invocations=10 (full 0):
 garbage-first heap   total 66560K, used 23398K [0x00000000a1a00000, 0x0000000100000000)
  region size 1024K, 3 young (3072K), 3 survivors (3072K)
 Metaspace       used 31578K, capacity 32553K, committed 32896K, reserved 1077248K
  class space    used 4264K, capacity 4616K, committed 4736K, reserved 1048576K
}
Event: 6.418 GC heap before
{Heap before GC invocations=10 (full 0):
 garbage-first heap   total 66560K, used 48998K [0x00000000a1a00000, 0x0000000100000000)
  region size 1024K, 28 young (28672K), 3 survivors (3072K)
 Metaspace       used 32662K, capacity 33665K, committed 33792K, reserved 1079296K
  class space    used 4409K, capacity 4750K, committed 4864K, reserved 1048576K
}
Event: 6.429 GC heap after
{Heap after GC invocations=11 (full 0):
 garbage-first heap   total 79872K, used 25460K [0x00000000a1a00000, 0x0000000100000000)
  region size 1024K, 3 young (3072K), 3 survivors (3072K)
 Metaspace       used 32662K, capacity 33665K, committed 33792K, reserved 1079296K
  class space    used 4409K, capacity 4750K, committed 4864K, reserved 1048576K
}
Event: 44.885 GC heap before
{Heap before GC invocations=11 (full 0):
 garbage-first heap   total 79872K, used 54132K [0x00000000a1a00000, 0x0000000100000000)
  region size 1024K, 32 young (32768K), 3 survivors (3072K)
 Metaspace       used 34787K, capacity 35752K, committed 35840K, reserved 1079296K
  class space    used 4666K, capacity 5033K, committed 5120K, reserved 1048576K
}
Event: 44.893 GC heap after
{Heap after GC invocations=12 (full 0):
 garbage-first heap   total 79872K, used 26185K [0x00000000a1a00000, 0x0000000100000000)
  region size 1024K, 3 young (3072K), 3 survivors (3072K)
 Metaspace       used 34787K, capacity 35752K, committed 35840K, reserved 1079296K
  class space    used 4666K, capacity 5033K, committed 5120K, reserved 1048576K
}
Event: 45.572 GC heap before
{Heap before GC invocations=13 (full 0):
 garbage-first heap   total 79872K, used 58953K [0x00000000a1a00000, 0x0000000100000000)
  region size 1024K, 36 young (36864K), 3 survivors (3072K)
 Metaspace       used 40823K, capacity 41949K, committed 42112K, reserved 1085440K
  class space    used 5240K, capacity 5651K, committed 5760K, reserved 1048576K
}
Event: 45.580 GC heap after
{Heap after GC invocations=14 (full 0):
 garbage-first heap   total 79872K, used 27861K [0x00000000a1a00000, 0x0000000100000000)
  region size 1024K, 4 young (4096K), 4 survivors (4096K)
 Metaspace       used 40823K, capacity 41949K, committed 42112K, reserved 1085440K
  class space    used 5240K, capacity 5651K, committed 5760K, reserved 1048576K
}
Event: 60.022 GC heap before
{Heap before GC invocations=15 (full 0):
 garbage-first heap   total 258048K, used 255189K [0x00000000a1a00000, 0x0000000100000000)
  region size 1024K, 28 young (28672K), 4 survivors (4096K)
 Metaspace       used 43102K, capacity 44241K, committed 44416K, reserved 1087488K
  class space    used 5486K, capacity 5903K, committed 6016K, reserved 1048576K
}
Event: 60.030 GC heap after
{Heap after GC invocations=16 (full 0):
 garbage-first heap   total 264192K, used 139589K [0x00000000a1a00000, 0x0000000100000000)
  region size 1024K, 4 young (4096K), 4 survivors (4096K)
 Metaspace       used 43102K, capacity 44241K, committed 44416K, reserved 1087488K
  class space    used 5486K, capacity 5903K, committed 6016K, reserved 1048576K
}
Event: 81.639 GC heap before
{Heap before GC invocations=16 (full 0):
 garbage-first heap   total 264192K, used 172357K [0x00000000a1a00000, 0x0000000100000000)
  region size 1024K, 12 young (12288K), 4 survivors (4096K)
 Metaspace       used 43174K, capacity 44375K, committed 44672K, reserved 1087488K
  class space    used 5492K, capacity 5905K, committed 6016K, reserved 1048576K
}
Event: 81.644 GC heap after
{Heap after GC invocations=17 (full 0):
 garbage-first heap   total 264192K, used 156803K [0x00000000a1a00000, 0x0000000100000000)
  region size 1024K, 1 young (1024K), 1 survivors (1024K)
 Metaspace       used 43174K, capacity 44375K, committed 44672K, reserved 1087488K
  class space    used 5492K, capacity 5905K, committed 6016K, reserved 1048576K
}
Event: 100.682 GC heap before
{Heap before GC invocations=17 (full 0):
 garbage-first heap   total 264192K, used 178307K [0x00000000a1a00000, 0x0000000100000000)
  region size 1024K, 23 young (23552K), 1 survivors (1024K)
 Metaspace       used 43238K, capacity 44471K, committed 44672K, reserved 1087488K
  class space    used 5494K, capacity 5909K, committed 6016K, reserved 1048576K
}
Event: 100.685 GC heap after
{Heap after GC invocations=18 (full 0):
 garbage-first heap   total 264192K, used 148300K [0x00000000a1a00000, 0x0000000100000000)
  region size 1024K, 1 young (1024K), 1 survivors (1024K)
 Metaspace       used 43238K, capacity 44471K, committed 44672K, reserved 1087488K
  class space    used 5494K, capacity 5909K, committed 6016K, reserved 1048576K
}
Event: 100.818 GC heap before
{Heap before GC invocations=19 (full 0):
 garbage-first heap   total 322560K, used 199500K [0x00000000a1a00000, 0x0000000100000000)
  region size 1024K, 2 young (2048K), 1 survivors (1024K)
 Metaspace       used 43224K, capacity 44449K, committed 44672K, reserved 1087488K
  class space    used 5490K, capacity 5901K, committed 6016K, reserved 1048576K
}
Event: 100.820 GC heap after
{Heap after GC invocations=20 (full 0):
 garbage-first heap   total 322560K, used 173916K [0x00000000a1a00000, 0x0000000100000000)
  region size 1024K, 1 young (1024K), 1 survivors (1024K)
 Metaspace       used 43224K, capacity 44449K, committed 44672K, reserved 1087488K
  class space    used 5490K, capacity 5901K, committed 6016K, reserved 1048576K
}
Event: 100.947 GC heap before
{Heap before GC invocations=21 (full 0):
 garbage-first heap   total 329728K, used 210780K [0x00000000a1a00000, 0x0000000100000000)
  region size 1024K, 2 young (2048K), 1 survivors (1024K)
 Metaspace       used 43224K, capacity 44449K, committed 44672K, reserved 1087488K
  class space    used 5490K, capacity 5901K, committed 6016K, reserved 1048576K
}
Event: 100.949 GC heap after
{Heap after GC invocations=22 (full 0):
 garbage-first heap   total 329728K, used 200523K [0x00000000a1a00000, 0x0000000100000000)
  region size 1024K, 1 young (1024K), 1 survivors (1024K)
 Metaspace       used 43224K, capacity 44449K, committed 44672K, reserved 1087488K
  class space    used 5490K, capacity 5901K, committed 6016K, reserved 1048576K
}

Deoptimization events (2 events):
Event: 46.103 Thread 0x000000f052b35000 DEOPT PACKING pc=0x000000f031f664e4 sp=0x000000f05568c2c0
Event: 46.103 Thread 0x000000f052b35000 DEOPT UNPACKING pc=0x000000f0317c964e sp=0x000000f05568b7e8 mode 0

Classes unloaded (8 events):
Event: 100.762 Thread 0x000000f0467a5000 Unloading class 0x00000008010d8040 'org/springframework/http/HttpHeaders$$Lambda$571'
Event: 100.762 Thread 0x000000f0467a5000 Unloading class 0x000000080104c040 'org/springframework/http/HttpHeaders$$Lambda$573'
Event: 100.762 Thread 0x000000f0467a5000 Unloading class 0x000000080104cc40 'org/springframework/web/servlet/mvc/method/annotation/HttpEntityMethodProcessor$$Lambda$569'
Event: 100.762 Thread 0x000000f0467a5000 Unloading class 0x000000080104d440 'org/springframework/web/servlet/mvc/method/annotation/HttpEntityMethodProcessor$$Lambda$568'
Event: 100.762 Thread 0x000000f0467a5000 Unloading class 0x000000080104d040 'org/springframework/util/LinkedCaseInsensitiveMap$$Lambda$565'
Event: 100.762 Thread 0x000000f0467a5000 Unloading class 0x000000080104dc40 'org/springframework/util/LinkedCaseInsensitiveMap$$Lambda$566'
Event: 100.762 Thread 0x000000f0467a5000 Unloading class 0x000000080104e040 'java/lang/invoke/LambdaForm$DMH'
Event: 100.762 Thread 0x000000f0467a5000 Unloading class 0x000000080104e440 'java/lang/invoke/LambdaForm$DMH'

Classes redefined (0 events):
No events

Internal exceptions (20 events):
Event: 45.841 Thread 0x000000f053301800 Exception <a 'java/lang/ClassNotFoundException'{0x00000000a5d6e618}: com/example/model/ArtistCustomizer> (0x00000000a5d6e618) 
thrown [./open/src/hotspot/share/classfile/systemDictionary.cpp, line 226]
Event: 45.913 Thread 0x000000f053304000 Exception <a 'java/lang/NoSuchMethodError'{0x00000000a5ceef20}: 'java.lang.Object java.lang.invoke.DirectMethodHandle$Holder.invokeVirtual(java.lang.Object, java.lang.Object, java.lang.Object, java.lang.Object)'> (0x00000000a5ceef20) 
thrown [./open/src/hotspot/share/interpreter/linkResolver.cpp, line 766]
Event: 45.913 Thread 0x000000f053302800 Exception <a 'java/lang/NoSuchMethodError'{0x00000000a5cdae48}: 'java.lang.Object java.lang.invoke.DirectMethodHandle$Holder.invokeVirtual(java.lang.Object, java.lang.Object, java.lang.Object, java.lang.Object)'> (0x00000000a5cdae48) 
thrown [./open/src/hotspot/share/interpreter/linkResolver.cpp, line 766]
Event: 45.913 Thread 0x000000f053303800 Exception <a 'java/lang/NoSuchMethodError'{0x00000000a5c8efd0}: 'java.lang.Object java.lang.invoke.DirectMethodHandle$Holder.invokeVirtual(java.lang.Object, java.lang.Object, java.lang.Object, java.lang.Object)'> (0x00000000a5c8efd0) 
thrown [./open/src/hotspot/share/interpreter/linkResolver.cpp, line 766]
Event: 46.045 Thread 0x000000f052b35000 Exception <a 'java/lang/NoSuchMethodError'{0x00000000a5a5f4b8}: 'java.lang.Object java.lang.invoke.DirectMethodHandle$Holder.invokeInterface(java.lang.Object, java.lang.Object, java.lang.Object)'> (0x00000000a5a5f4b8) 
thrown [./open/src/hotspot/share/interpreter/linkResolver.cpp, line 766]
Event: 55.882 Thread 0x000000f053305000 Exception <a 'java/lang/ClassNotFoundException'{0x00000000a57c0d90}: java/lang/ObjectCustomizer> (0x00000000a57c0d90) 
thrown [./open/src/hotspot/share/classfile/systemDictionary.cpp, line 226]
Event: 55.883 Thread 0x000000f053305000 Exception <a 'java/lang/ClassNotFoundException'{0x00000000a57cdc98}: com/example/model/TrackCustomizer> (0x00000000a57cdc98) 
thrown [./open/src/hotspot/share/classfile/systemDictionary.cpp, line 226]
Event: 59.771 Thread 0x000000f053305000 Exception <a 'java/lang/ClassNotFoundException'{0x00000000a55307d0}: java/lang/ObjectCustomizer> (0x00000000a55307d0) 
thrown [./open/src/hotspot/share/classfile/systemDictionary.cpp, line 226]
Event: 59.772 Thread 0x000000f053305000 Exception <a 'java/lang/ClassNotFoundException'{0x00000000a553d430}: com/example/model/AlbumCustomizer> (0x00000000a553d430) 
thrown [./open/src/hotspot/share/classfile/systemDictionary.cpp, line 226]
Event: 59.784 Thread 0x000000f053305000 Exception <a 'java/lang/ClassNotFoundException'{0x00000000a3f09318}: java/lang/ObjectCustomizer> (0x00000000a3f09318) 
thrown [./open/src/hotspot/share/classfile/systemDictionary.cpp, line 226]
Event: 59.785 Thread 0x000000f053305000 Exception <a 'java/lang/ClassNotFoundException'{0x00000000a3f161e8}: com/example/model/GenreCustomizer> (0x00000000a3f161e8) 
thrown [./open/src/hotspot/share/classfile/systemDictionary.cpp, line 226]
Event: 59.958 Thread 0x000000f053305000 Exception <a 'java/lang/ArrayIndexOutOfBoundsException'{0x00000000a3ef6ad8}> (0x00000000a3ef6ad8) 
thrown [./open/src/hotspot/share/runtime/sharedRuntime.cpp, line 584]
Event: 60.289 Thread 0x000000f053305000 Exception <a 'java/lang/ClassNotFoundException'{0x00000000b0d04170}: com/example/model/GenreBeanInfo> (0x00000000b0d04170) 
thrown [./open/src/hotspot/share/classfile/systemDictionary.cpp, line 226]
Event: 60.289 Thread 0x000000f053305000 Exception <a 'java/lang/ClassNotFoundException'{0x00000000b0d0d4f8}: com/example/model/GenreCustomizer> (0x00000000b0d0d4f8) 
thrown [./open/src/hotspot/share/classfile/systemDictionary.cpp, line 226]
Event: 60.290 Thread 0x000000f053305000 Exception <a 'java/lang/ClassNotFoundException'{0x00000000b0d1b870}: com/example/model/AlbumBeanInfo> (0x00000000b0d1b870) 
thrown [./open/src/hotspot/share/classfile/systemDictionary.cpp, line 226]
Event: 60.291 Thread 0x000000f053305000 Exception <a 'java/lang/ClassNotFoundException'{0x00000000b0d24e40}: com/example/model/AlbumCustomizer> (0x00000000b0d24e40) 
thrown [./open/src/hotspot/share/classfile/systemDictionary.cpp, line 226]
Event: 60.292 Thread 0x000000f053305000 Exception <a 'java/lang/ClassNotFoundException'{0x00000000b0d38cf8}: com/example/model/TrackBeanInfo> (0x00000000b0d38cf8) 
thrown [./open/src/hotspot/share/classfile/systemDictionary.cpp, line 226]
Event: 60.293 Thread 0x000000f053305000 Exception <a 'java/lang/ClassNotFoundException'{0x00000000b0d42080}: com/example/model/TrackCustomizer> (0x00000000b0d42080) 
thrown [./open/src/hotspot/share/classfile/systemDictionary.cpp, line 226]
Event: 81.647 Thread 0x000000f052b36800 Exception <a 'java/lang/ArrayIndexOutOfBoundsException'{0x00000000b1320e88}> (0x00000000b1320e88) 
thrown [./open/src/hotspot/share/runtime/sharedRuntime.cpp, line 584]
Event: 97.510 Thread 0x000000f053305000 Exception <a 'java/lang/ArrayIndexOutOfBoundsException'{0x00000000afada0a0}> (0x00000000afada0a0) 
thrown [./open/src/hotspot/share/runtime/sharedRuntime.cpp, line 584]

Events (20 events):
Event: 99.102 Executing VM operation: HandshakeOneThread done
Event: 99.456 Executing VM operation: HandshakeOneThread
Event: 99.456 Executing VM operation: HandshakeOneThread done
Event: 99.483 Executing VM operation: HandshakeOneThread
Event: 99.483 Executing VM operation: HandshakeOneThread done
Event: 100.682 Executing VM operation: G1TryInitiateConcMark
Event: 100.685 Executing VM operation: G1TryInitiateConcMark done
Event: 100.761 Executing VM operation: G1Concurrent
Event: 100.768 Executing VM operation: G1Concurrent done
Event: 100.806 Executing VM operation: G1Concurrent
Event: 100.806 Executing VM operation: G1Concurrent done
Event: 100.818 Executing VM operation: G1TryInitiateConcMark
Event: 100.820 Executing VM operation: G1TryInitiateConcMark done
Event: 100.895 Executing VM operation: G1Concurrent
Event: 100.898 Executing VM operation: G1Concurrent done
Event: 100.938 Executing VM operation: G1Concurrent
Event: 100.938 Executing VM operation: G1Concurrent done
Event: 100.947 Executing VM operation: G1TryInitiateConcMark
Event: 100.949 Executing VM operation: G1TryInitiateConcMark done
Event: 101.032 Executing VM operation: G1Concurrent


Dynamic libraries:
0x00007ff7c3690000 - 0x00007ff7c369d000 	C:\Users\\.jdks\openjdk-14.0.2\bin\java.exe
0x00007ffba3630000 - 0x00007ffba37da000 	C:\Windows\SYSTEM32\ntdll.dll
0x00007ffba34f0000 - 0x00007ffba362a000 	C:\Windows\system32\KERNEL32.DLL
0x00007ffba0a70000 - 0x00007ffba0b80000 	C:\Windows\system32\KERNELBASE.dll
0x00007ffb99e90000 - 0x00007ffb99ea8000 	C:\Users\\.jdks\openjdk-14.0.2\bin\jli.dll
0x00007ffb96900000 - 0x00007ffb96915000 	C:\Users\\.jdks\openjdk-14.0.2\bin\VCRUNTIME140.dll
0x00007ffb9c460000 - 0x00007ffb9c464000 	C:\Users\\.jdks\openjdk-14.0.2\bin\api-ms-win-crt-stdio-l1-1-0.dll
0x00007ffb9a2d0000 - 0x00007ffb9a2d4000 	C:\Users\\.jdks\openjdk-14.0.2\bin\api-ms-win-crt-runtime-l1-1-0.dll
0x00007ffb99700000 - 0x00007ffb99703000 	C:\Users\\.jdks\openjdk-14.0.2\bin\api-ms-win-crt-environment-l1-1-0.dll
0x00007ffb97a70000 - 0x00007ffb97a75000 	C:\Users\\.jdks\openjdk-14.0.2\bin\api-ms-win-crt-math-l1-1-0.dll
0x00007ffb96c90000 - 0x00007ffb96c93000 	C:\Users\\.jdks\openjdk-14.0.2\bin\api-ms-win-crt-locale-l1-1-0.dll
0x00007ffb968f0000 - 0x00007ffb968f3000 	C:\Users\\.jdks\openjdk-14.0.2\bin\api-ms-win-crt-heap-l1-1-0.dll
0x00007ffb9d620000 - 0x00007ffb9d87a000 	C:\Windows\WinSxS\amd64_microsoft.windows.common-controls_6595b64144ccf1df_6.0.9600.17031_none_6242a4b3ecbb55a1\COMCTL32.dll
0x00007ffba2990000 - 0x00007ffba2b01000 	C:\Windows\system32\USER32.dll
0x00007ffb968e0000 - 0x00007ffb968e3000 	C:\Users\\.jdks\openjdk-14.0.2\bin\api-ms-win-crt-filesystem-l1-1-0.dll
0x00007ffb968d0000 - 0x00007ffb968d4000 	C:\Users\\.jdks\openjdk-14.0.2\bin\api-ms-win-crt-string-l1-1-0.dll
0x00007ffb968c0000 - 0x00007ffb968c4000 	C:\Users\\.jdks\openjdk-14.0.2\bin\api-ms-win-crt-convert-l1-1-0.dll
0x00007ffba30c0000 - 0x00007ffba3167000 	C:\Windows\system32\msvcrt.dll
0x00007ffba23f0000 - 0x00007ffba2535000 	C:\Windows\system32\GDI32.dll
0x00007ffb7f9e0000 - 0x00007ffb7fadc000 	C:\Users\\.jdks\openjdk-14.0.2\bin\ucrtbase.DLL
0x00007ffba2c20000 - 0x00007ffba2c54000 	C:\Windows\system32\IMM32.DLL
0x00007ffba25a0000 - 0x00007ffba26d9000 	C:\Windows\system32\MSCTF.dll
0x00007ffb7f940000 - 0x00007ffb7f9db000 	C:\Users\\.jdks\openjdk-14.0.2\bin\msvcp140.dll
0x00007ffb968b0000 - 0x00007ffb968b3000 	C:\Users\\.jdks\openjdk-14.0.2\bin\api-ms-win-crt-time-l1-1-0.dll
0x00007ffb968a0000 - 0x00007ffb968a3000 	C:\Users\\.jdks\openjdk-14.0.2\bin\api-ms-win-crt-utility-l1-1-0.dll
0x00007ffb71ed0000 - 0x00007ffb729ee000 	C:\Users\\.jdks\openjdk-14.0.2\bin\server\jvm.dll
0x00007ffba2d10000 - 0x00007ffba2db5000 	C:\Windows\system32\ADVAPI32.dll
0x00007ffb9bcf0000 - 0x00007ffb9bcf9000 	C:\Windows\SYSTEM32\WSOCK32.dll
0x00007ffb9ba70000 - 0x00007ffb9ba8f000 	C:\Windows\SYSTEM32\WINMM.dll
0x00007ffb9ebd0000 - 0x00007ffb9ebda000 	C:\Windows\SYSTEM32\VERSION.dll
0x00007ffba26e0000 - 0x00007ffba26e7000 	C:\Windows\system32\PSAPI.DLL
0x00007ffba2390000 - 0x00007ffba23e7000 	C:\Windows\SYSTEM32\sechost.dll
0x00007ffba2f80000 - 0x00007ffba30b6000 	C:\Windows\system32\RPCRT4.dll
0x00007ffba2bc0000 - 0x00007ffba2c18000 	C:\Windows\system32\WS2_32.dll
0x00007ffb9b8c0000 - 0x00007ffb9b8ea000 	C:\Windows\SYSTEM32\WINMMBASE.dll
0x00007ffba2bb0000 - 0x00007ffba2bb9000 	C:\Windows\system32\NSI.dll
0x00007ffba0e60000 - 0x00007ffba0eaa000 	C:\Windows\SYSTEM32\cfgmgr32.dll
0x00007ffb9f820000 - 0x00007ffb9f846000 	C:\Windows\SYSTEM32\DEVOBJ.dll
0x00007ffb96780000 - 0x00007ffb9678a000 	C:\Users\\.jdks\openjdk-14.0.2\bin\jimage.dll
0x00007ffb8fc10000 - 0x00007ffb8fd98000 	C:\Windows\SYSTEM32\DBGHELP.DLL
0x00007ffb96770000 - 0x00007ffb9677e000 	C:\Users\\.jdks\openjdk-14.0.2\bin\instrument.dll
0x00007ffb96680000 - 0x00007ffb966a5000 	C:\Users\\.jdks\openjdk-14.0.2\bin\java.dll
0x00007ffb96660000 - 0x00007ffb96676000 	C:\Users\\.jdks\openjdk-14.0.2\bin\zip.dll
0x00007ffba0eb0000 - 0x00007ffba22c7000 	C:\Windows\system32\SHELL32.dll
0x00007ffba3190000 - 0x00007ffba3366000 	C:\Windows\SYSTEM32\combase.dll
0x00007ffba22d0000 - 0x00007ffba2321000 	C:\Windows\system32\SHLWAPI.dll
0x00007ffb9dbf0000 - 0x00007ffb9dc8f000 	C:\Windows\SYSTEM32\SHCORE.dll
0x00007ffba09a0000 - 0x00007ffba09b4000 	C:\Windows\SYSTEM32\profapi.dll
0x00007ffb96630000 - 0x00007ffb96649000 	C:\Users\\.jdks\openjdk-14.0.2\bin\net.dll
0x00007ffb98030000 - 0x00007ffb980f5000 	C:\Windows\SYSTEM32\WINHTTP.dll
0x00007ffba0200000 - 0x00007ffba0258000 	C:\Windows\system32\mswsock.dll
0x00007ffb96610000 - 0x00007ffb96622000 	C:\Users\\.jdks\openjdk-14.0.2\bin\nio.dll
0x00007ffb906b0000 - 0x00007ffb906ca000 	C:\Program Files\JetBrains\IntelliJ IDEA 2020.1\bin\breakgen64.dll
0x00007ffba0010000 - 0x00007ffba00b3000 	C:\Windows\SYSTEM32\DNSAPI.dll
0x00007ffb96fc0000 - 0x00007ffb96fc9000 	C:\Windows\System32\rasadhlp.dll
0x00007ffb9b300000 - 0x00007ffb9b367000 	C:\Windows\System32\fwpuclnt.dll
0x00007ffb961d0000 - 0x00007ffb961d9000 	C:\Users\\.jdks\openjdk-14.0.2\bin\management.dll
0x00007ffb95630000 - 0x00007ffb9563b000 	C:\Users\\.jdks\openjdk-14.0.2\bin\management_ext.dll
0x00007ffba0260000 - 0x00007ffba027e000 	C:\Windows\SYSTEM32\CRYPTSP.dll
0x00007ffb9fea0000 - 0x00007ffb9fed5000 	C:\Windows\system32\rsaenh.dll
0x00007ffba04f0000 - 0x00007ffba0516000 	C:\Windows\SYSTEM32\bcrypt.dll
0x00007ffb9ffb0000 - 0x00007ffb9ffcf000 	C:\Windows\SYSTEM32\USERENV.dll
0x00007ffba0810000 - 0x00007ffba0870000 	C:\Windows\system32\bcryptprimitives.dll
0x00007ffba0870000 - 0x00007ffba087a000 	C:\Windows\SYSTEM32\CRYPTBASE.dll
0x00007ffb9b6e0000 - 0x00007ffb9b709000 	C:\Windows\SYSTEM32\IPHLPAPI.DLL
0x00007ffb9b540000 - 0x00007ffb9b54a000 	C:\Windows\SYSTEM32\WINNSI.DLL
0x00007ffb9b550000 - 0x00007ffb9b564000 	C:\Windows\SYSTEM32\dhcpcsvc6.DLL
0x00007ffb9b570000 - 0x00007ffb9b589000 	C:\Windows\SYSTEM32\dhcpcsvc.DLL
0x00007ffb96ca0000 - 0x00007ffb96cb4000 	C:\Windows\system32\napinsp.dll
0x00007ffb96cc0000 - 0x00007ffb96cd9000 	C:\Windows\system32\pnrpnsp.dll
0x00007ffb9eb70000 - 0x00007ffb9eb89000 	C:\Windows\system32\NLAapi.dll
0x00007ffb96ce0000 - 0x00007ffb96cec000 	C:\Windows\System32\winrnr.dll
0x00007ffb8ddc0000 - 0x00007ffb8dde5000 	C:\Users\\.jdks\openjdk-14.0.2\bin\sunec.dll

dbghelp: loaded successfully - version: 4.0.5 - missing functions: none
symbol engine: initialized successfully - sym options: 0x614 - pdb path: .;C:\Users\\.jdks\openjdk-14.0.2\bin;C:\Windows\SYSTEM32;C:\Windows\WinSxS\amd64_microsoft.windows.common-controls_6595b64144ccf1df_6.0.9600.17031_none_6242a4b3ecbb55a1;C:\Users\\.jdks\openjdk-14.0.2\bin\server;C:\Program Files\JetBrains\IntelliJ IDEA 2020.1\bin

VM Arguments:
jvm_args: -XX:TieredStopAtLevel=1 -Xverify:none -Dspring.output.ansi.enabled=always -Dcom.sun.management.jmxremote -Dspring.jmx.enabled=true -Dspring.liveBeansView.mbeanDomain -Dspring.application.admin.enabled=true -javaagent:C:\Program Files\JetBrains\IntelliJ IDEA 2020.1\lib\idea_rt.jar=58383:C:\Program Files\JetBrains\IntelliJ IDEA 2020.1\bin -Dfile.encoding=UTF-8 
java_command: com.example.demo.DemoApplication
java_class_path (initial): C:\Users\\Desktop\\demo\target\classes;C:\Users\\.m2\repository\org\springframework\boot\spring-boot-starter-web\2.0.0.RELEASE\spring-boot-starter-web-2.0.0.RELEASE.jar;C:\Users\\.m2\repository\org\springframework\boot\spring-boot-starter\2.0.0.RELEASE\spring-boot-starter-2.0.0.RELEASE.jar;C:\Users\\.m2\repository\org\springframework\boot\spring-boot\2.0.0.RELEASE\spring-boot-2.0.0.RELEASE.jar;C:\Users\\.m2\repository\org\springframework\boot\spring-boot-autoconfigure\2.0.0.RELEASE\spring-boot-autoconfigure-2.0.0.RELEASE.jar;C:\Users\\.m2\repository\org\springframework\boot\spring-boot-starter-logging\2.0.0.RELEASE\spring-boot-starter-logging-2.0.0.RELEASE.jar;C:\Users\\.m2\repository\ch\qos\logback\logback-classic\1.2.3\logback-classic-1.2.3.jar;C:\Users\\.m2\repository\ch\qos\logback\logback-core\1.2.3\logback-core-1.2.3.jar;C:\Users\\.m2\repository\org\apache\logging\log4j\log4j-to-slf4j\2.10.0\log4j-to-slf4j-2.10.0.jar;C:\Users\\.m2\repository\org\apache\logging\log4j\log4j-api\2.10.0\log4j-api-2.10.0.jar;C:\Users\\.m2\repository\org\slf4j\jul-to-slf4j\1.7.25\jul-to-slf4j-1.7.25.jar;C:\Users\\.m2\repository\javax\annotation\javax.annotation-api\1.3.2\javax.annotation-api-1.3.2.jar;C:\Users\\.m2\repository\org\yaml\snakeyaml\1.19\snakeyaml-1.19.jar;C:\Users\\.m2\repository\org\springframework\boot\spring-boot-starter-json\2.0.0.RELEASE\spring-boot-starter-json-2.0.0.RELEASE.jar;C:\Users\\.m2\repository\com\fasterxml\jackson\core\jackson-databind\2.9.4\jackson-databind-2.9.4.jar;C:\Users\\.m2\repository\com\fasterxml\jackson\core\jackson-annotations\2.9.0\jackson-annotations-2.9.0.jar;C:\Users\\.m2\repository\com\fasterxml\jackson\core\jackson-core\2.9.4\jackson-core-2.9.4.jar;C:\Users\\.m2\repository\com\fasterxml\jackson\datatype\jackson-datatype-jdk8\2.9.4\jackson-datatype-jdk8-2.9.4.jar;C:\Users\\.m2\repository\co
Launcher Type: SUN_STANDARD

[Global flags]
     intx CICompilerCount                          = 3                                         {product} {ergonomic}
     uint ConcGCThreads                            = 1                                         {product} {ergonomic}
     uint G1ConcRefinementThreads                  = 4                                         {product} {ergonomic}
   size_t G1HeapRegionSize                         = 1048576                                   {product} {ergonomic}
    uintx GCDrainStackTargetSize                   = 64                                        {product} {ergonomic}
   size_t InitialHeapSize                          = 100663296                                 {product} {ergonomic}
     bool ManagementServer                         = true                                      {product} {command line}
   size_t MarkStackSize                            = 4194304                                   {product} {ergonomic}
   size_t MaxHeapSize                              = 1583349760                                {product} {ergonomic}
   size_t MaxNewSize                               = 950009856                                 {product} {ergonomic}
   size_t MinHeapDeltaBytes                        = 1048576                                   {product} {ergonomic}
   size_t MinHeapSize                              = 8388608                                   {product} {ergonomic}
    uintx NonNMethodCodeHeapSize                   = 6973028                                {pd product} {ergonomic}
    uintx NonProfiledCodeHeapSize                  = 244685212                              {pd product} {ergonomic}
    uintx ProfiledCodeHeapSize                     = 0                                      {pd product} {ergonomic}
    uintx ReservedCodeCacheSize                    = 251658240                              {pd product} {ergonomic}
     bool SegmentedCodeCache                       = true                                      {product} {ergonomic}
   size_t SoftMaxHeapSize                          = 1583349760                             {manageable} {ergonomic}
     intx TieredStopAtLevel                        = 1                                         {product} {command line}
     bool UseCompressedClassPointers               = true                                 {lp64_product} {ergonomic}
     bool UseCompressedOops                        = true                                 {lp64_product} {ergonomic}
     bool UseG1GC                                  = true                                      {product} {ergonomic}
     bool UseLargePagesIndividualAllocation        = false                                  {pd product} {ergonomic}

Logging:
Log output configuration:
 #0: stdout all=warning uptime,level,tags
 #1: stderr all=off uptime,level,tags

Environment Variables:
PATH=C:\Program Files (x86)\NVIDIA Corporation\PhysX\Common;c:\Program Files (x86)\AMD APP\bin\x86_64;c:\Program Files (x86)\AMD APP\bin\x86;C:\Windows\system32;C:\Windows;C:\Windows\System32\Wbem;C:\Windows\System32\WindowsPowerShell\v1.0\;c:\Program Files (x86)\ATI Technologies\ATI.ACE\Core-Static;C:\Program Files (x86)\Common Files\Acronis\SnapAPI\;C:\Program Files\Git\cmd
USERNAME=
OS=Windows_NT
PROCESSOR_IDENTIFIER=Intel64 Family 6 Model 58 Stepping 9, GenuineIntel



---------------  S Y S T E M  ---------------

OS: Windows 8.1 , 64 bit Build 9600 (6.3.9600.17031)
OS uptime: 1 days 23:42 hours

CPU:total 4 (initial active 4) (2 cores per cpu, 2 threads per core) family 6 model 58 stepping 9, cmov, cx8, fxsr, mmx, sse, sse2, sse3, ssse3, sse4.1, sse4.2, popcnt, avx, aes, clmul, erms, ht, tsc, tscinvbit, tscinv

Memory: 4k page, system-wide physical 6036M (282M free)
TotalPageFile size 10105M (AvailPageFile size 64M)
current process WorkingSet (physical memory assigned to process): 404M, peak: 404M
current process commit charge ("private bytes"): 480M, peak: 541M

vm_info: OpenJDK 64-Bit Server VM (14.0.2+12-46) for windows-amd64 JRE (14.0.2+12-46), built on Jul  9 2020 00:31:16 by "mach5one" with MS VC++ 15.9 (VS2017)

END.
